#
# A fatal error has been detected by the Java Runtime Environment:
#
#  SIGSEGV (0xb) at pc=0x00007fff94e0d0dd, pid=450, tid=1811
#
# JRE version: Java(TM) SE Runtime Environment (8.0_60-b27) (build 1.8.0_60-b27)
# Java VM: Java HotSpot(TM) 64-Bit Server VM (25.60-b23 mixed mode bsd-amd64 compressed oops)
# Problematic frame:
# C  [libobjc.A.dylib+0x10dd]  objc_msgSend+0x1d
#
# Failed to write core dump. Core dumps have been disabled. To enable core dumping, try "ulimit -c unlimited" before starting Java again
#
# If you would like to submit a bug report, please visit:
#   http://bugreport.java.com/bugreport/crash.jsp
# The crash happened outside the Java Virtual Machine in native code.
# See problematic frame for where to report the bug.
#

---------------  T H R E A D  ---------------

Current thread (0x00007fa1740e6000):  JavaThread "AppKit Thread" daemon [_thread_in_native, id=1811, stack(0x00007fff510a6000,0x00007fff518a6000)]

siginfo: si_signo: 11 (SIGSEGV), si_code: 1 (SEGV_MAPERR), si_addr: 0x000007fa173f8ac0

Registers:
RAX=0x0000000000000000, RBX=0x00007fa173e2d400, RCX=0x0000000000000000, RDX=0x00007fa173e2d400
RSP=0x00007fff5189f8c8, RBP=0x00007fff5189f8f0, RSI=0x00007fff90897b42, RDI=0x00007fa173f8a590
R8 =0x0000000000000001, R9 =0x0000000000000001, R10=0x00007fff90897b42, R11=0x000007fa173f8aa8
R12=0x0000000000000094, R13=0x00007fa173c98ff0, R14=0x00007fa173f8a590, R15=0x00007fff5189fde0
RIP=0x00007fff94e0d0dd, EFLAGS=0x0000000000010202, ERR=0x0000000000000004
  TRAPNO=0x000000000000000e

Top of Stack: (sp=0x00007fff5189f8c8)
0x00007fff5189f8c8:   0000000129707598 00007fa173e2d400
0x00007fff5189f8d8:   000000012973bc60 00007fa173c98ff0
0x00007fff5189f8e8:   00007fa173e2d400 00007fff5189fdd0
0x00007fff5189f8f8:   00007fff9001c775 0000000000000000
0x00007fff5189f908:   0000000000000000 4089500000000000
0x00007fff5189f918:   4082d00000000000 0000000000000000
0x00007fff5189f928:   0000000000000000 4089500000000000
0x00007fff5189f938:   4082d00000000000 4089500000000000
0x00007fff5189f948:   4083800000000000 401c000000000000
0x00007fff5189f958:   4082e80000000000 402c000000000000
0x00007fff5189f968:   4030000000000000 401c000000000000
0x00007fff5189f978:   0000000000000000 0000000000000000
0x00007fff5189f988:   4030000000000000 00007fff9085c2ce
0x00007fff5189f998:   4008000000000000 00007fa173f70740
0x00007fff5189f9a8:   0000000100000000 0000000000000000
0x00007fff5189f9b8:   00007fa173f5e050 00007fff5189fb10
0x00007fff5189f9c8:   00007fff900e2bc6 00007fff5189fb10
0x00007fff5189f9d8:   00007fff900e36b2 402c000000000000
0x00007fff5189f9e8:   4030000000000000 401c000000000000
0x00007fff5189f9f8:   4082e80000000000 402c000000000000
0x00007fff5189fa08:   4030000000000000 0000000000000000
0x00007fff5189fa18:   0000000000000000 4089500000000000
0x00007fff5189fa28:   4083800000000000 401c000000000000
0x00007fff5189fa38:   4082e80000000000 000000010e378a00
0x00007fff5189fa48:   00007fa173cb3830 00000000000000b0
0x00007fff5189fa58:   0000000000000000 0000000000000b38
0x00007fff5189fa68:   000000010e375000 00007fff5189fb10
0x00007fff5189fa78:   00007fff948e54ff 0000000000000b38
0x00007fff5189fa88:   000000010e375000 00007fff5189fb30
0x00007fff5189fa98:   0000000000000b39 00007fff5189fb9f
0x00007fff5189faa8:   0000000000000008 00007fa173cfc080
0x00007fff5189fab8:   00007fa173cb3780 0000000000000013 

Instructions: (pc=0x00007fff94e0d0dd)
0x00007fff94e0d0bd:   00 00 00 48 85 ff 2e 74 7a 40 f6 c7 01 2e 75 7e
0x00007fff94e0d0cd:   49 bb f8 ff ff ff ff 7f 00 00 4c 23 1f 49 89 f2
0x00007fff94e0d0dd:   45 23 53 18 49 c1 e2 04 4d 03 53 10 49 3b 32 75
0x00007fff94e0d0ed:   04 41 ff 62 08 49 83 3a 00 74 6a 4d 3b 53 10 74 

Register to memory mapping:

RAX=0x0000000000000000 is an unknown value
RBX=0x00007fa173e2d400 is an unknown value
RCX=0x0000000000000000 is an unknown value
RDX=0x00007fa173e2d400 is an unknown value
RSP=0x00007fff5189f8c8 is pointing into the stack for thread: 0x00007fa1740e6000
RBP=0x00007fff5189f8f0 is pointing into the stack for thread: 0x00007fa1740e6000
RSI=0x00007fff90897b42: -[NSTitlebarContainerView shouldRoundCorners]+0x5c5a4 in /System/Library/Frameworks/AppKit.framework/Versions/C/AppKit at 0x00007fff8fece000
RDI=0x00007fa173f8a590 is an unknown value
R8 =0x0000000000000001 is an unknown value
R9 =0x0000000000000001 is an unknown value
R10=0x00007fff90897b42: -[NSTitlebarContainerView shouldRoundCorners]+0x5c5a4 in /System/Library/Frameworks/AppKit.framework/Versions/C/AppKit at 0x00007fff8fece000
R11=0x000007fa173f8aa8 is an unknown value
R12=0x0000000000000094 is an unknown value
R13=0x00007fa173c98ff0 is an unknown value
R14=0x00007fa173f8a590 is an unknown value
R15=0x00007fff5189fde0 is pointing into the stack for thread: 0x00007fa1740e6000


Stack: [0x00007fff510a6000,0x00007fff518a6000],  sp=0x00007fff5189f8c8,  free space=8166k
Native frames: (J=compiled Java code, j=interpreted, Vv=VM code, C=native code)
C  [libobjc.A.dylib+0x10dd]  objc_msgSend+0x1d
C  [AppKit+0x14e775]  -[NSView _recursiveDisplayRectIfNeededIgnoringOpacity:isVisibleRect:rectIsVisibleRectForView:topView:]+0x740
C  [AppKit+0x14f7d0]  -[NSView _recursiveDisplayRectIfNeededIgnoringOpacity:isVisibleRect:rectIsVisibleRectForView:topView:]+0x179b
C  [AppKit+0x14db23]  -[NSThemeFrame _recursiveDisplayRectIfNeededIgnoringOpacity:isVisibleRect:rectIsVisibleRectForView:topView:]+0x14d
C  [AppKit+0x14a67b]  -[NSView _displayRectIgnoringOpacity:isVisibleRect:rectIsVisibleRectForView:]+0xac9
C  [AppKit+0x12907a]  -[NSView displayIfNeeded]+0x754
C  [AppKit+0x146575]  -[NSWindow displayIfNeeded]+0xe8
C  [AppKit+0x183772]  _handleWindowNeedsDisplayOrLayoutOrUpdateConstraints+0x3a8
C  [Foundation+0x67023]  __NSFireTimer+0x5f
C  [CoreFoundation+0xb5b44]  __CFRUNLOOP_IS_CALLING_OUT_TO_A_TIMER_CALLBACK_FUNCTION__+0x14
C  [CoreFoundation+0xb57d3]  __CFRunLoopDoTimer+0x423
C  [CoreFoundation+0x128d9d]  __CFRunLoopDoTimers+0x12d
C  [CoreFoundation+0x72268]  __CFRunLoopRun+0x7e8
C  [CoreFoundation+0x71838]  CFRunLoopRunSpecific+0x128
C  [HIToolbox+0x2e43f]  RunCurrentEventLoopInMode+0xeb
C  [HIToolbox+0x2e1ba]  ReceiveNextEventCommon+0x1af
C  [HIToolbox+0x2dffb]  _BlockUntilNextEventMatchingListInModeWithFilter+0x47
C  [AppKit+0x246d1]  _DPSNextEvent+0x3c4
C  [AppKit+0x23e80]  -[NSApplication nextEventMatchingMask:untilDate:inMode:dequeue:]+0xc2
C  [libosxapp.dylib+0x23aa]  -[NSApplicationAWT nextEventMatchingMask:untilDate:inMode:dequeue:]+0x7c
C  [AppKit+0x17e23]  -[NSApplication run]+0x252
C  [libosxapp.dylib+0x214d]  +[NSApplicationAWT runAWTLoopWithApp:]+0x9c
C  [libawt_lwawt.dylib+0x44517]  -[AWTStarter starter:]+0x389
C  [Foundation+0x65f4c]  __NSThreadPerformPerform+0x125
C  [CoreFoundation+0x80661]  __CFRUNLOOP_IS_CALLING_OUT_TO_A_SOURCE0_PERFORM_FUNCTION__+0x11
C  [CoreFoundation+0x727ed]  __CFRunLoopDoSources0+0x10d
C  [CoreFoundation+0x71e1f]  __CFRunLoopRun+0x39f
C  [CoreFoundation+0x71838]  CFRunLoopRunSpecific+0x128
C  [java+0x6463]  CreateExecutionEnvironment+0x367
C  [java+0x21ac]  JLI_Launch+0x7a0
C  [java+0x84c0]  main+0x65
C  [java+0x1a04]  start+0x34
C  0x0000000000000006


---------------  P R O C E S S  ---------------

Java Threads: ( => current thread )
  0x00007fa1758b4800 JavaThread "AWT-Shutdown" [_thread_blocked, id=28179, stack(0x0000000126d23000,0x0000000126e23000)]
=>0x00007fa1740e6000 JavaThread "AppKit Thread" daemon [_thread_in_native, id=1811, stack(0x00007fff510a6000,0x00007fff518a6000)]
  0x00007fa175028800 JavaThread "Service Thread" daemon [_thread_blocked, id=18179, stack(0x00000001254b5000,0x00000001255b5000)]
  0x00007fa17403a800 JavaThread "C1 CompilerThread2" daemon [_thread_blocked, id=17667, stack(0x00000001253b2000,0x00000001254b2000)]
  0x00007fa17403a000 JavaThread "C2 CompilerThread1" daemon [_thread_blocked, id=17155, stack(0x00000001252af000,0x00000001253af000)]
  0x00007fa174042000 JavaThread "C2 CompilerThread0" daemon [_thread_blocked, id=16643, stack(0x00000001251ac000,0x00000001252ac000)]
  0x00007fa174024000 JavaThread "Signal Dispatcher" daemon [_thread_blocked, id=13335, stack(0x00000001250a9000,0x00000001251a9000)]
  0x00007fa174020800 JavaThread "Finalizer" daemon [_thread_blocked, id=11523, stack(0x0000000123763000,0x0000000123863000)]
  0x00007fa175838800 JavaThread "Reference Handler" daemon [_thread_blocked, id=11011, stack(0x0000000123660000,0x0000000123760000)]
  0x00007fa174012800 JavaThread "main" [_thread_in_native, id=4867, stack(0x000000010fc01000,0x000000010fd01000)]

Other Threads:
  0x00007fa175836000 VMThread [stack: 0x000000012355d000,0x000000012365d000] [id=10499]
  0x00007fa17582c000 WatcherThread [stack: 0x00000001255b8000,0x00000001256b8000] [id=18691]

VM state:not at safepoint (normal execution)

VM Mutex/Monitor currently owned by a thread: None

Heap:
 PSYoungGen      total 18944K, used 11431K [0x00000007aab00000, 0x00000007ac000000, 0x00000007c0000000)
  eden space 16384K, 61% used [0x00000007aab00000,0x00000007ab4c8160,0x00000007abb00000)
  from space 2560K, 55% used [0x00000007abb00000,0x00000007abc61b48,0x00000007abd80000)
  to   space 2560K, 0% used [0x00000007abd80000,0x00000007abd80000,0x00000007ac000000)
 ParOldGen       total 44032K, used 16K [0x0000000780000000, 0x0000000782b00000, 0x00000007aab00000)
  object space 44032K, 0% used [0x0000000780000000,0x0000000780004000,0x0000000782b00000)
 Metaspace       used 5844K, capacity 5983K, committed 6144K, reserved 1056768K
  class space    used 593K, capacity 664K, committed 768K, reserved 1048576K

Card table byte_map: [0x000000011f117000,0x000000011f318000] byte_map_base: 0x000000011b517000

Marking Bits: (ParMarkBitMap*) 0x000000010ed37e20
 Begin Bits: [0x000000011f87a000, 0x000000012087a000)
 End Bits:   [0x000000012087a000, 0x000000012187a000)

Polling page: 0x000000010f3f9000

CodeCache: size=245760Kb used=2109Kb max_used=2120Kb free=243650Kb
 bounds [0x000000010fd57000, 0x000000010ffc7000, 0x000000011ed57000]
 total_blobs=828 nmethods=486 adapters=256
 compilation: enabled

Compilation events (10 events):
Event: 3.989 Thread 0x00007fa17403a800  481   !   3       java.io.BufferedWriter::flushBuffer (53 bytes)
Event: 3.990 Thread 0x00007fa17403a800 nmethod 481 0x000000010ff64910 code [0x000000010ff64ac0, 0x000000010ff65098]
Event: 4.033 Thread 0x00007fa174042000  483       4       java.lang.Math::min (11 bytes)
Event: 4.033 Thread 0x00007fa174042000 nmethod 483 0x000000010ff51550 code [0x000000010ff51680, 0x000000010ff516b8]
Event: 4.205 Thread 0x00007fa17403a800  484       3       java.net.URLStreamHandler::setURL (40 bytes)
Event: 4.205 Thread 0x00007fa17403a800 nmethod 484 0x000000010ff678d0 code [0x000000010ff67a60, 0x000000010ff67e18]
Event: 4.205 Thread 0x00007fa17403a800  485   !   3       java.net.URL::set (114 bytes)
Event: 4.206 Thread 0x00007fa17403a000  486       4       java.nio.DirectByteBuffer::put (18 bytes)
Event: 4.206 Thread 0x00007fa17403a800 nmethod 485 0x000000010ff66550 code [0x000000010ff66740, 0x000000010ff67298]
Event: 4.207 Thread 0x00007fa17403a000 nmethod 486 0x000000010ff66290 code [0x000000010ff663e0, 0x000000010ff66498]

GC Heap History (2 events):
Event: 2.073 GC heap before
{Heap before GC invocations=1 (full 0):
 PSYoungGen      total 18944K, used 16384K [0x00000007aab00000, 0x00000007ac000000, 0x00000007c0000000)
  eden space 16384K, 100% used [0x00000007aab00000,0x00000007abb00000,0x00000007abb00000)
  from space 2560K, 0% used [0x00000007abd80000,0x00000007abd80000,0x00000007ac000000)
  to   space 2560K, 0% used [0x00000007abb00000,0x00000007abb00000,0x00000007abd80000)
 ParOldGen       total 44032K, used 0K [0x0000000780000000, 0x0000000782b00000, 0x00000007aab00000)
  object space 44032K, 0% used [0x0000000780000000,0x0000000780000000,0x0000000782b00000)
 Metaspace       used 5815K, capacity 5983K, committed 6144K, reserved 1056768K
  class space    used 592K, capacity 664K, committed 768K, reserved 1048576K
Event: 2.076 GC heap after
Heap after GC invocations=1 (full 0):
 PSYoungGen      total 18944K, used 1414K [0x00000007aab00000, 0x00000007ac000000, 0x00000007c0000000)
  eden space 16384K, 0% used [0x00000007aab00000,0x00000007aab00000,0x00000007abb00000)
  from space 2560K, 55% used [0x00000007abb00000,0x00000007abc61b48,0x00000007abd80000)
  to   space 2560K, 0% used [0x00000007abd80000,0x00000007abd80000,0x00000007ac000000)
 ParOldGen       total 44032K, used 16K [0x0000000780000000, 0x0000000782b00000, 0x00000007aab00000)
  object space 44032K, 0% used [0x0000000780000000,0x0000000780004000,0x0000000782b00000)
 Metaspace       used 5815K, capacity 5983K, committed 6144K, reserved 1056768K
  class space    used 592K, capacity 664K, committed 768K, reserved 1048576K
}

Deoptimization events (1 events):
Event: 0.152 Thread 0x00007fa174012800 Uncommon trap: reason=unstable_if action=reinterpret pc=0x000000010fe889c0 method=java.lang.String.indexOf(II)I @ 49

Internal exceptions (10 events):
Event: 0.098 Thread 0x00007fa174012800 Exception <a 'java/security/PrivilegedActionException'> (0x00000007aac62aa8) thrown at [/Users/java_re/workspace/8-2-build-macosx-x86_64/jdk8u60/4407/hotspot/src/share/vm/prims/jvm.cpp, line 1386]
Event: 0.098 Thread 0x00007fa174012800 Exception <a 'java/security/PrivilegedActionException'> (0x00000007aac62cb8) thrown at [/Users/java_re/workspace/8-2-build-macosx-x86_64/jdk8u60/4407/hotspot/src/share/vm/prims/jvm.cpp, line 1386]
Event: 0.132 Thread 0x00007fa174012800 Exception <a 'java/security/PrivilegedActionException'> (0x00000007aad19d98) thrown at [/Users/java_re/workspace/8-2-build-macosx-x86_64/jdk8u60/4407/hotspot/src/share/vm/prims/jvm.cpp, line 1386]
Event: 0.132 Thread 0x00007fa174012800 Exception <a 'java/security/PrivilegedActionException'> (0x00000007aad19fa8) thrown at [/Users/java_re/workspace/8-2-build-macosx-x86_64/jdk8u60/4407/hotspot/src/share/vm/prims/jvm.cpp, line 1386]
Event: 0.133 Thread 0x00007fa174012800 Exception <a 'java/security/PrivilegedActionException'> (0x00000007aad1d248) thrown at [/Users/java_re/workspace/8-2-build-macosx-x86_64/jdk8u60/4407/hotspot/src/share/vm/prims/jvm.cpp, line 1386]
Event: 0.133 Thread 0x00007fa174012800 Exception <a 'java/security/PrivilegedActionException'> (0x00000007aad1d458) thrown at [/Users/java_re/workspace/8-2-build-macosx-x86_64/jdk8u60/4407/hotspot/src/share/vm/prims/jvm.cpp, line 1386]
Event: 0.193 Thread 0x00007fa174012800 Exception <a 'java/lang/NoSuchFieldError': method resolution failed> (0x00000007aae1d620) thrown at [/Users/java_re/workspace/8-2-build-macosx-x86_64/jdk8u60/4407/hotspot/src/share/vm/prims/methodHandles.cpp, line 1146]
Event: 0.196 Thread 0x00007fa174012800 Exception <a 'java/lang/NoSuchFieldError': method resolution failed> (0x00000007aae2ad70) thrown at [/Users/java_re/workspace/8-2-build-macosx-x86_64/jdk8u60/4407/hotspot/src/share/vm/prims/methodHandles.cpp, line 1146]
Event: 0.392 Thread 0x00007fa174012800 Exception <a 'java/io/FileNotFoundException'> (0x00000007aaea66c0) thrown at [/Users/java_re/workspace/8-2-build-macosx-x86_64/jdk8u60/4407/hotspot/src/share/vm/prims/jni.cpp, line 709]
Event: 0.392 Thread 0x00007fa174012800 Exception <a 'java/io/FileNotFoundException'> (0x00000007aaea7240) thrown at [/Users/java_re/workspace/8-2-build-macosx-x86_64/jdk8u60/4407/hotspot/src/share/vm/prims/jni.cpp, line 709]

Events (10 events):
Event: 0.603 loading class java/util/concurrent/atomic/AtomicLong
Event: 0.603 loading class java/util/concurrent/atomic/AtomicLong done
Event: 1.171 Thread 0x00007fa174012800 DEOPT PACKING pc=0x000000010ff4a92a sp=0x000000010fd006f0
Event: 1.171 Thread 0x00007fa174012800 DEOPT UNPACKING pc=0x000000010fd9e633 sp=0x000000010fd005c8 mode 0
Event: 2.073 Executing VM operation: ParallelGCFailedAllocation
Event: 2.076 Executing VM operation: ParallelGCFailedAllocation done
Event: 4.116 Executing VM operation: EnableBiasedLocking
Event: 4.116 Executing VM operation: EnableBiasedLocking done
Event: 4.205 loading class org/lwjgl/opengl/CallbackUtil
Event: 4.205 loading class org/lwjgl/opengl/CallbackUtil done


Dynamic libraries:
0x0000000006140000 	/System/Library/Frameworks/Cocoa.framework/Versions/A/Cocoa
0x0000000006140000 	/System/Library/Frameworks/Security.framework/Versions/A/Security
0x0000000006140000 	/System/Library/Frameworks/ApplicationServices.framework/Versions/A/ApplicationServices
0x0000000006140000 	/usr/lib/libz.1.dylib
0x0000000006140000 	/usr/lib/libSystem.B.dylib
0x0000000006140000 	/usr/lib/libobjc.A.dylib
0x0000000006140000 	/System/Library/Frameworks/CoreFoundation.framework/Versions/A/CoreFoundation
0x0000000006140000 	/System/Library/Frameworks/Foundation.framework/Versions/C/Foundation
0x0000000006140000 	/System/Library/Frameworks/AppKit.framework/Versions/C/AppKit
0x0000000006140000 	/System/Library/Frameworks/CoreData.framework/Versions/A/CoreData
0x0000000006140000 	/System/Library/PrivateFrameworks/RemoteViewServices.framework/Versions/A/RemoteViewServices
0x0000000006140000 	/System/Library/PrivateFrameworks/UIFoundation.framework/Versions/A/UIFoundation
0x0000000006140000 	/System/Library/Frameworks/IOSurface.framework/Versions/A/IOSurface
0x0000000006140000 	/System/Library/Frameworks/AudioToolbox.framework/Versions/A/AudioToolbox
0x0000000006140000 	/System/Library/Frameworks/AudioUnit.framework/Versions/A/AudioUnit
0x0000000006140000 	/System/Library/PrivateFrameworks/DataDetectorsCore.framework/Versions/A/DataDetectorsCore
0x0000000006140000 	/System/Library/PrivateFrameworks/DesktopServicesPriv.framework/Versions/A/DesktopServicesPriv
0x0000000006140000 	/System/Library/Frameworks/Carbon.framework/Versions/A/Frameworks/HIToolbox.framework/Versions/A/HIToolbox
0x0000000006140000 	/System/Library/Frameworks/QuartzCore.framework/Versions/A/QuartzCore
0x0000000006140000 	/System/Library/Frameworks/Carbon.framework/Versions/A/Frameworks/SpeechRecognition.framework/Versions/A/SpeechRecognition
0x0000000006140000 	/usr/lib/libauto.dylib
0x0000000006140000 	/usr/lib/libicucore.A.dylib
0x0000000006140000 	/usr/lib/libxml2.2.dylib
0x0000000006140000 	/System/Library/PrivateFrameworks/CoreUI.framework/Versions/A/CoreUI
0x0000000006140000 	/System/Library/Frameworks/CoreAudio.framework/Versions/A/CoreAudio
0x0000000006140000 	/System/Library/Frameworks/DiskArbitration.framework/Versions/A/DiskArbitration
0x0000000006140000 	/usr/lib/liblangid.dylib
0x0000000006140000 	/System/Library/PrivateFrameworks/MultitouchSupport.framework/Versions/A/MultitouchSupport
0x0000000006140000 	/System/Library/Frameworks/IOKit.framework/Versions/A/IOKit
0x0000000006140000 	/usr/lib/libDiagnosticMessagesClient.dylib
0x0000000006140000 	/System/Library/Frameworks/CoreServices.framework/Versions/A/CoreServices
0x0000000006140000 	/System/Library/PrivateFrameworks/PerformanceAnalysis.framework/Versions/A/PerformanceAnalysis
0x0000000006140000 	/System/Library/PrivateFrameworks/GenerationalStorage.framework/Versions/A/GenerationalStorage
0x0000000006140000 	/System/Library/Frameworks/OpenGL.framework/Versions/A/OpenGL
0x0000000006140000 	/System/Library/PrivateFrameworks/Sharing.framework/Versions/A/Sharing
0x0000000006140000 	/System/Library/Frameworks/CoreGraphics.framework/Versions/A/CoreGraphics
0x0000000006140000 	/System/Library/Frameworks/CoreText.framework/Versions/A/CoreText
0x0000000006140000 	/System/Library/Frameworks/ImageIO.framework/Versions/A/ImageIO
0x0000000006140000 	/usr/lib/libextension.dylib
0x0000000006140000 	/System/Library/PrivateFrameworks/Backup.framework/Versions/A/Backup
0x0000000006140000 	/usr/lib/libarchive.2.dylib
0x0000000006140000 	/System/Library/Frameworks/CFNetwork.framework/Versions/A/CFNetwork
0x0000000006140000 	/System/Library/Frameworks/SystemConfiguration.framework/Versions/A/SystemConfiguration
0x0000000006140000 	/usr/lib/libCRFSuite.dylib
0x0000000006140000 	/usr/lib/libc++.1.dylib
0x0000000006140000 	/usr/lib/libc++abi.dylib
0x0000000006140000 	/usr/lib/system/libcache.dylib
0x0000000006140000 	/usr/lib/system/libcommonCrypto.dylib
0x0000000006140000 	/usr/lib/system/libcompiler_rt.dylib
0x0000000006140000 	/usr/lib/system/libcopyfile.dylib
0x0000000006140000 	/usr/lib/system/libcorecrypto.dylib
0x0000000006140000 	/usr/lib/system/libdispatch.dylib
0x0000000006140000 	/usr/lib/system/libdyld.dylib
0x0000000006140000 	/usr/lib/system/libkeymgr.dylib
0x0000000006140000 	/usr/lib/system/liblaunch.dylib
0x0000000006140000 	/usr/lib/system/libmacho.dylib
0x0000000006140000 	/usr/lib/system/libquarantine.dylib
0x0000000006140000 	/usr/lib/system/libremovefile.dylib
0x0000000006140000 	/usr/lib/system/libsystem_asl.dylib
0x0000000006140000 	/usr/lib/system/libsystem_blocks.dylib
0x0000000006140000 	/usr/lib/system/libsystem_c.dylib
0x0000000006140000 	/usr/lib/system/libsystem_configuration.dylib
0x0000000006140000 	/usr/lib/system/libsystem_coreservices.dylib
0x0000000006140000 	/usr/lib/system/libsystem_coretls.dylib
0x0000000006140000 	/usr/lib/system/libsystem_dnssd.dylib
0x0000000006140000 	/usr/lib/system/libsystem_info.dylib
0x0000000006140000 	/usr/lib/system/libsystem_kernel.dylib
0x0000000006140000 	/usr/lib/system/libsystem_m.dylib
0x0000000006140000 	/usr/lib/system/libsystem_malloc.dylib
0x0000000006140000 	/usr/lib/system/libsystem_network.dylib
0x0000000006140000 	/usr/lib/system/libsystem_networkextension.dylib
0x0000000006140000 	/usr/lib/system/libsystem_notify.dylib
0x0000000006140000 	/usr/lib/system/libsystem_platform.dylib
0x0000000006140000 	/usr/lib/system/libsystem_pthread.dylib
0x0000000006140000 	/usr/lib/system/libsystem_sandbox.dylib
0x0000000006140000 	/usr/lib/system/libsystem_secinit.dylib
0x0000000006140000 	/usr/lib/system/libsystem_stats.dylib
0x0000000006140000 	/usr/lib/system/libsystem_trace.dylib
0x0000000006140000 	/usr/lib/system/libunc.dylib
0x0000000006140000 	/usr/lib/system/libunwind.dylib
0x0000000006140000 	/usr/lib/system/libxpc.dylib
0x0000000006140000 	/usr/lib/libbz2.1.0.dylib
0x0000000006140000 	/usr/lib/liblzma.5.dylib
0x0000000006140000 	/usr/lib/libbsm.0.dylib
0x0000000006140000 	/usr/lib/libsqlite3.dylib
0x0000000006140000 	/usr/lib/system/libkxld.dylib
0x0000000006140000 	/usr/lib/libxar.1.dylib
0x0000000006140000 	/usr/lib/libpam.2.dylib
0x0000000006140000 	/usr/lib/libOpenScriptingUtil.dylib
0x0000000006140000 	/System/Library/Frameworks/CoreServices.framework/Versions/A/Frameworks/FSEvents.framework/Versions/A/FSEvents
0x0000000006140000 	/System/Library/Frameworks/CoreServices.framework/Versions/A/Frameworks/CarbonCore.framework/Versions/A/CarbonCore
0x0000000006140000 	/System/Library/Frameworks/CoreServices.framework/Versions/A/Frameworks/Metadata.framework/Versions/A/Metadata
0x0000000006140000 	/System/Library/Frameworks/CoreServices.framework/Versions/A/Frameworks/OSServices.framework/Versions/A/OSServices
0x0000000006140000 	/System/Library/Frameworks/CoreServices.framework/Versions/A/Frameworks/SearchKit.framework/Versions/A/SearchKit
0x0000000006140000 	/System/Library/Frameworks/CoreServices.framework/Versions/A/Frameworks/AE.framework/Versions/A/AE
0x0000000006140000 	/System/Library/Frameworks/CoreServices.framework/Versions/A/Frameworks/LaunchServices.framework/Versions/A/LaunchServices
0x0000000006140000 	/System/Library/Frameworks/CoreServices.framework/Versions/A/Frameworks/DictionaryServices.framework/Versions/A/DictionaryServices
0x0000000006140000 	/System/Library/Frameworks/NetFS.framework/Versions/A/NetFS
0x0000000006140000 	/System/Library/PrivateFrameworks/NetAuth.framework/Versions/A/NetAuth
0x0000000006140000 	/System/Library/PrivateFrameworks/login.framework/Versions/A/Frameworks/loginsupport.framework/Versions/A/loginsupport
0x0000000006140000 	/System/Library/PrivateFrameworks/TCC.framework/Versions/A/TCC
0x0000000006140000 	/usr/lib/libmecabra.dylib
0x0000000006140000 	/System/Library/PrivateFrameworks/LanguageModeling.framework/Versions/A/LanguageModeling
0x0000000006140000 	/usr/lib/libcmph.dylib
0x0000000006140000 	/usr/lib/libiconv.2.dylib
0x0000000006140000 	/System/Library/Frameworks/OpenDirectory.framework/Versions/A/Frameworks/CFOpenDirectory.framework/Versions/A/CFOpenDirectory
0x0000000006140000 	/System/Library/Frameworks/ServiceManagement.framework/Versions/A/ServiceManagement
0x0000000006140000 	/usr/lib/libxslt.1.dylib
0x0000000006140000 	/System/Library/Frameworks/Carbon.framework/Versions/A/Frameworks/Ink.framework/Versions/A/Ink
0x0000000006140000 	/System/Library/Frameworks/ApplicationServices.framework/Versions/A/Frameworks/ATS.framework/Versions/A/ATS
0x0000000006140000 	/System/Library/Frameworks/ApplicationServices.framework/Versions/A/Frameworks/ColorSync.framework/Versions/A/ColorSync
0x0000000006140000 	/System/Library/Frameworks/ApplicationServices.framework/Versions/A/Frameworks/HIServices.framework/Versions/A/HIServices
0x0000000006140000 	/System/Library/Frameworks/ApplicationServices.framework/Versions/A/Frameworks/LangAnalysis.framework/Versions/A/LangAnalysis
0x0000000006140000 	/System/Library/Frameworks/ApplicationServices.framework/Versions/A/Frameworks/PrintCore.framework/Versions/A/PrintCore
0x0000000006140000 	/System/Library/Frameworks/ApplicationServices.framework/Versions/A/Frameworks/QD.framework/Versions/A/QD
0x0000000006140000 	/System/Library/Frameworks/ApplicationServices.framework/Versions/A/Frameworks/SpeechSynthesis.framework/Versions/A/SpeechSynthesis
0x0000000006140000 	/System/Library/Frameworks/Accelerate.framework/Versions/A/Accelerate
0x0000000006140000 	/System/Library/Frameworks/Accelerate.framework/Versions/A/Frameworks/vImage.framework/Versions/A/vImage
0x0000000006140000 	/System/Library/Frameworks/Accelerate.framework/Versions/A/Frameworks/vecLib.framework/Versions/A/vecLib
0x0000000006140000 	/System/Library/Frameworks/Accelerate.framework/Versions/A/Frameworks/vecLib.framework/Versions/A/libvDSP.dylib
0x0000000006140000 	/System/Library/Frameworks/Accelerate.framework/Versions/A/Frameworks/vecLib.framework/Versions/A/libvMisc.dylib
0x0000000006140000 	/System/Library/Frameworks/Accelerate.framework/Versions/A/Frameworks/vecLib.framework/Versions/A/libLAPACK.dylib
0x0000000006140000 	/System/Library/Frameworks/Accelerate.framework/Versions/A/Frameworks/vecLib.framework/Versions/A/libBLAS.dylib
0x0000000006140000 	/System/Library/Frameworks/Accelerate.framework/Versions/A/Frameworks/vecLib.framework/Versions/A/libLinearAlgebra.dylib
0x0000000006140000 	/System/Library/Frameworks/ApplicationServices.framework/Versions/A/Frameworks/ATS.framework/Versions/A/Resources/libFontParser.dylib
0x0000000006140000 	/System/Library/Frameworks/ApplicationServices.framework/Versions/A/Frameworks/ATS.framework/Versions/A/Resources/libFontRegistry.dylib
0x0000000006140000 	/System/Library/PrivateFrameworks/AppleVPA.framework/Versions/A/AppleVPA
0x0000000006140000 	/System/Library/PrivateFrameworks/AppleJPEG.framework/Versions/A/AppleJPEG
0x0000000006140000 	/System/Library/Frameworks/ImageIO.framework/Versions/A/Resources/libJPEG.dylib
0x0000000006140000 	/System/Library/Frameworks/ImageIO.framework/Versions/A/Resources/libTIFF.dylib
0x0000000006140000 	/System/Library/Frameworks/ImageIO.framework/Versions/A/Resources/libPng.dylib
0x0000000006140000 	/System/Library/Frameworks/ImageIO.framework/Versions/A/Resources/libGIF.dylib
0x0000000006140000 	/System/Library/Frameworks/ImageIO.framework/Versions/A/Resources/libJP2.dylib
0x0000000006140000 	/System/Library/Frameworks/ImageIO.framework/Versions/A/Resources/libRadiance.dylib
0x0000000006140000 	/System/Library/Frameworks/CoreVideo.framework/Versions/A/CoreVideo
0x0000000006140000 	/System/Library/Frameworks/OpenGL.framework/Versions/A/Libraries/libGLU.dylib
0x0000000006140000 	/System/Library/Frameworks/OpenGL.framework/Versions/A/Libraries/libGFXShared.dylib
0x0000000006140000 	/System/Library/Frameworks/OpenGL.framework/Versions/A/Libraries/libGL.dylib
0x0000000006140000 	/System/Library/Frameworks/OpenGL.framework/Versions/A/Libraries/libGLImage.dylib
0x0000000006140000 	/System/Library/Frameworks/OpenGL.framework/Versions/A/Libraries/libCVMSPluginSupport.dylib
0x0000000006140000 	/System/Library/Frameworks/OpenGL.framework/Versions/A/Libraries/libCoreVMClient.dylib
0x0000000006140000 	/usr/lib/libcups.2.dylib
0x0000000006140000 	/System/Library/Frameworks/Kerberos.framework/Versions/A/Kerberos
0x0000000006140000 	/System/Library/Frameworks/GSS.framework/Versions/A/GSS
0x0000000006140000 	/usr/lib/libresolv.9.dylib
0x0000000006140000 	/System/Library/PrivateFrameworks/Heimdal.framework/Versions/A/Heimdal
0x0000000006140000 	/usr/lib/libheimdal-asn1.dylib
0x0000000006140000 	/System/Library/Frameworks/OpenDirectory.framework/Versions/A/OpenDirectory
0x0000000006140000 	/System/Library/PrivateFrameworks/CommonAuth.framework/Versions/A/CommonAuth
0x0000000006140000 	/System/Library/Frameworks/SecurityFoundation.framework/Versions/A/SecurityFoundation
0x0000000006140000 	/System/Library/Frameworks/QuartzCore.framework/Versions/A/Frameworks/CoreImage.framework/Versions/A/CoreImage
0x0000000006140000 	/System/Library/PrivateFrameworks/CrashReporterSupport.framework/Versions/A/CrashReporterSupport
0x0000000006140000 	/System/Library/Frameworks/OpenCL.framework/Versions/A/OpenCL
0x0000000006140000 	/System/Library/PrivateFrameworks/FaceCore.framework/Versions/A/FaceCore
0x0000000006140000 	/System/Library/PrivateFrameworks/Ubiquity.framework/Versions/A/Ubiquity
0x0000000006140000 	/System/Library/PrivateFrameworks/IconServices.framework/Versions/A/IconServices
0x0000000006140000 	/System/Library/PrivateFrameworks/ChunkingLibrary.framework/Versions/A/ChunkingLibrary
0x0000000006140000 	/System/Library/PrivateFrameworks/Apple80211.framework/Versions/A/Apple80211
0x0000000006140000 	/System/Library/Frameworks/CoreWLAN.framework/Versions/A/CoreWLAN
0x0000000006140000 	/System/Library/Frameworks/IOBluetooth.framework/Versions/A/IOBluetooth
0x0000000006140000 	/System/Library/PrivateFrameworks/CoreWiFi.framework/Versions/A/CoreWiFi
0x0000000006140000 	/System/Library/Frameworks/CoreBluetooth.framework/Versions/A/CoreBluetooth
0x0000000006140000 	/System/Library/PrivateFrameworks/DebugSymbols.framework/Versions/A/DebugSymbols
0x0000000006140000 	/System/Library/PrivateFrameworks/CoreSymbolication.framework/Versions/A/CoreSymbolication
0x0000000006140000 	/System/Library/PrivateFrameworks/Symbolication.framework/Versions/A/Symbolication
0x0000000006140000 	/System/Library/PrivateFrameworks/SpeechRecognitionCore.framework/Versions/A/SpeechRecognitionCore
0x000000010e459000 	/Library/Java/JavaVirtualMachines/jdk1.8.0_60.jdk/Contents/Home/jre/lib/server/libjvm.dylib
0x0000000006140000 	/usr/lib/libstdc++.6.dylib
0x000000010fd03000 	/Library/Java/JavaVirtualMachines/jdk1.8.0_60.jdk/Contents/Home/jre/lib/libverify.dylib
0x000000010fd11000 	/Library/Java/JavaVirtualMachines/jdk1.8.0_60.jdk/Contents/Home/jre/lib/libjava.dylib
0x000000010fd4e000 	/Library/Java/JavaVirtualMachines/jdk1.8.0_60.jdk/Contents/Home/jre/lib/libzip.dylib
0x0000000123865000 	/System/Library/Frameworks/JavaVM.framework/Frameworks/JavaRuntimeSupport.framework/JavaRuntimeSupport
0x000000012387d000 	/System/Library/Frameworks/JavaVM.framework/Versions/A/Frameworks/JavaNativeFoundation.framework/Versions/A/JavaNativeFoundation
0x0000000123892000 	/System/Library/Frameworks/JavaVM.framework/Versions/A/JavaVM
0x0000000006140000 	/System/Library/Frameworks/Carbon.framework/Versions/A/Carbon
0x000000012389f000 	/System/Library/PrivateFrameworks/JavaLaunching.framework/Versions/A/JavaLaunching
0x0000000006140000 	/System/Library/Frameworks/Carbon.framework/Versions/A/Frameworks/CommonPanels.framework/Versions/A/CommonPanels
0x0000000006140000 	/System/Library/Frameworks/Carbon.framework/Versions/A/Frameworks/Help.framework/Versions/A/Help
0x0000000006140000 	/System/Library/Frameworks/Carbon.framework/Versions/A/Frameworks/ImageCapture.framework/Versions/A/ImageCapture
0x0000000006140000 	/System/Library/Frameworks/Carbon.framework/Versions/A/Frameworks/OpenScripting.framework/Versions/A/OpenScripting
0x0000000006140000 	/System/Library/Frameworks/Carbon.framework/Versions/A/Frameworks/Print.framework/Versions/A/Print
0x0000000006140000 	/System/Library/Frameworks/Carbon.framework/Versions/A/Frameworks/SecurityHI.framework/Versions/A/SecurityHI
0x000000012574d000 	/Library/Java/JavaVirtualMachines/jdk1.8.0_60.jdk/Contents/Home/jre/lib/libawt.dylib
0x00000001257f5000 	/Library/Java/JavaVirtualMachines/jdk1.8.0_60.jdk/Contents/Home/jre/lib/./libmlib_image.dylib
0x00000001258c1000 	/Library/Java/JavaVirtualMachines/jdk1.8.0_60.jdk/Contents/Home/jre/lib/libawt_lwawt.dylib
0x0000000125976000 	/Library/Java/JavaVirtualMachines/jdk1.8.0_60.jdk/Contents/Home/jre/lib/./libosxapp.dylib
0x0000000006140000 	/System/Library/Frameworks/ExceptionHandling.framework/Versions/A/ExceptionHandling
0x0000000006140000 	/System/Library/PrivateFrameworks/CoreServicesInternal.framework/Versions/A/CoreServicesInternal
0x0000000006140000 	/System/Library/PrivateFrameworks/CloudDocs.framework/Versions/A/CloudDocs
0x0000000006140000 	/System/Library/PrivateFrameworks/CoreDuet.framework/Versions/A/CoreDuet
0x0000000006140000 	/System/Library/Frameworks/CloudKit.framework/Versions/A/CloudKit
0x0000000006140000 	/System/Library/PrivateFrameworks/ProtocolBuffer.framework/Versions/A/ProtocolBuffer
0x0000000006140000 	/System/Library/PrivateFrameworks/CoreDuetDaemonProtocol.framework/Versions/A/CoreDuetDaemonProtocol
0x0000000006140000 	/System/Library/PrivateFrameworks/CoreDuetDebugLogging.framework/Versions/A/CoreDuetDebugLogging
0x0000000006140000 	/System/Library/Frameworks/CoreLocation.framework/Versions/A/CoreLocation
0x0000000006140000 	/System/Library/Frameworks/Accounts.framework/Versions/A/Accounts
0x0000000006140000 	/System/Library/PrivateFrameworks/ApplePushService.framework/Versions/A/ApplePushService
0x0000000006140000 	/System/Library/PrivateFrameworks/GeoServices.framework/Versions/A/GeoServices
0x0000000006140000 	/System/Library/PrivateFrameworks/OAuth.framework/Versions/A/OAuth
0x0000000006140000 	/System/Library/PrivateFrameworks/CoreDaemon.framework/Versions/B/CoreDaemon
0x0000000006140000 	/usr/lib/libcrypto.0.9.8.dylib
0x0000000006140000 	/System/Library/PrivateFrameworks/AppleSRP.framework/Versions/A/AppleSRP
0x0000000006140000 	/System/Library/PrivateFrameworks/TrustEvaluationAgent.framework/Versions/A/TrustEvaluationAgent
0x0000000006140000 	/System/Library/Frameworks/CoreGraphics.framework/Versions/A/Resources/libCGCMS.A.dylib
0x0000000006140000 	/System/Library/Frameworks/CoreGraphics.framework/Versions/A/Resources/libRIP.A.dylib
0x0000000006140000 	/System/Library/Frameworks/CoreGraphics.framework/Versions/A/Resources/libCGXType.A.dylib
0x0000000006140000 	/System/Library/Frameworks/OpenCL.framework/Versions/A/Libraries/libcldcpuengine.dylib
0x0000000006140000 	/System/Library/PrivateFrameworks/DiskImages.framework/Versions/A/DiskImages
0x0000000006140000 	/System/Library/Frameworks/DiscRecording.framework/Versions/A/DiscRecording
0x0000000006140000 	/usr/lib/libcsfde.dylib
0x0000000006140000 	/usr/lib/libcurl.4.dylib
0x0000000006140000 	/System/Library/PrivateFrameworks/MediaKit.framework/Versions/A/MediaKit
0x0000000006140000 	/System/Library/PrivateFrameworks/ProtectedCloudStorage.framework/Versions/A/ProtectedCloudStorage
0x0000000006140000 	/usr/lib/libCoreStorage.dylib
0x0000000006140000 	/System/Library/PrivateFrameworks/EFILogin.framework/Versions/A/EFILogin
0x0000000006140000 	/usr/lib/libutil.dylib
0x0000000006140000 	/System/Library/PrivateFrameworks/FindMyDevice.framework/Versions/A/FindMyDevice
0x0000000006140000 	/System/Library/Frameworks/LDAP.framework/Versions/A/LDAP
0x0000000006140000 	/usr/lib/libsasl2.2.dylib
0x0000000128499000 	cl_kernels
0x000000012849b000 	/System/Library/Frameworks/OpenCL.framework/Versions/A/Libraries/ImageFormats/unorm8_bgra.dylib
0x000000012848a000 	cl_kernels
0x0000000006140000 	/System/Library/PrivateFrameworks/FamilyControls.framework/Versions/A/FamilyControls
0x0000000006140000 	/System/Library/PrivateFrameworks/CommerceKit.framework/Versions/A/Frameworks/CommerceCore.framework/Versions/A/CommerceCore
0x0000000006140000 	/System/Library/PrivateFrameworks/SystemAdministration.framework/Versions/A/SystemAdministration
0x0000000006140000 	/System/Library/PrivateFrameworks/AppContainer.framework/Versions/A/AppContainer
0x0000000006140000 	/System/Library/PrivateFrameworks/SecCodeWrapper.framework/Versions/A/SecCodeWrapper
0x0000000006140000 	/System/Library/Frameworks/DirectoryService.framework/Versions/A/DirectoryService
0x0000000006140000 	/System/Library/PrivateFrameworks/LoginUIKit.framework/Versions/A/Frameworks/LoginUICore.framework/Versions/A/LoginUICore
0x0000000006140000 	/usr/lib/libodfde.dylib
0x0000000129696000 	/Library/Java/JavaVirtualMachines/jdk1.8.0_60.jdk/Contents/Home/jre/lib/libfontmanager.dylib
0x00000001296fd000 	/Users/ramonmoorlag/Documents/Workspace/lwjgl-2.9.3/native/macosx/liblwjgl.dylib
0x00000001279cf000 	/Library/Java/JavaVirtualMachines/jdk1.8.0_60.jdk/Contents/Home/jre/lib/libjawt.dylib
0x0000000006140000 	/System/Library/Frameworks/OpenGL.framework/Versions/A/Resources/GLEngine.bundle/GLEngine
0x0000000006140000 	/System/Library/Frameworks/OpenGL.framework/Versions/A/Libraries/libGLProgrammability.dylib
0x0000000000000000 	/System/Library/Extensions/AppleIntelHD4000GraphicsGLDriver.bundle/Contents/MacOS/AppleIntelHD4000GraphicsGLDriver
0x0000000006140000 	/System/Library/PrivateFrameworks/IOAccelerator.framework/Versions/A/IOAccelerator
0x0000000006140000 	/System/Library/PrivateFrameworks/GPUSupport.framework/Versions/A/Libraries/libGPUSupportMercury.dylib
0x0000000006140000 	/System/Library/Frameworks/OpenGL.framework/Versions/A/Resources/GLRendererFloat.bundle/GLRendererFloat

VM Arguments:
jvm_args: -Djava.library.path=/Users/ramonmoorlag/Documents/Workspace/lwjgl-2.9.3/native/macosx:/Users/ramonmoorlag/Documents/Workspace/lwjgl-2.9.3/native/macosx:/Users/ramonmoorlag/Documents/Workspace/lwjgl-2.9.3/native/macosx -Dfile.encoding=UTF-8 
java_command: platformer.Main
java_class_path (initial): /Users/ramonmoorlag/Documents/Workspace/PietersProjecten/bin:/Users/ramonmoorlag/Documents/Workspace/lwjgl-2.9.3/jar/lwjgl.jar:/Users/ramonmoorlag/Documents/Workspace/lwjgl-2.9.3/jar/lzma.jar:/Users/ramonmoorlag/Documents/Workspace/lwjgl-2.9.3/jar/lwjgl_util.jar:/Users/ramonmoorlag/Downloads/slick-util.jar:/Users/ramonmoorlag/Documents/HTTPClient/commons-codec-1.9.jar:/Users/ramonmoorlag/Documents/HTTPClient/commons-logging-1.2.jar:/Users/ramonmoorlag/Documents/HTTPClient/fluent-hc-4.4.1.jar:/Users/ramonmoorlag/Documents/HTTPClient/httpclient-4.4.1.jar:/Users/ramonmoorlag/Documents/HTTPClient/httpclient-cache-4.4.1.jar:/Users/ramonmoorlag/Documents/HTTPClient/httpclient-win-4.4.1.jar:/Users/ramonmoorlag/Documents/HTTPClient/httpcore-4.4.1.jar:/Users/ramonmoorlag/Documents/HTTPClient/httpmime-4.4.1.jar:/Users/ramonmoorlag/Documents/HTTPClient/jna-4.1.0.jar:/Users/ramonmoorlag/Documents/HTTPClient/jna-platform-4.1.0.jar
Launcher Type: SUN_STANDARD

Environment Variables:
PATH=/usr/bin:/bin:/usr/sbin:/sbin
SHELL=/bin/bash

Signal Handlers:
SIGSEGV: [libjvm.dylib+0x5a6d31], sa_mask[0]=11111111011111110111111111111111, sa_flags=SA_ONSTACK|SA_RESTART|SA_SIGINFO
SIGBUS: [libjvm.dylib+0x5a6d31], sa_mask[0]=11111111011111110111111111111111, sa_flags=SA_RESTART|SA_SIGINFO
SIGFPE: [libjvm.dylib+0x480a4c], sa_mask[0]=11111111011111110111111111111111, sa_flags=SA_RESTART|SA_SIGINFO
SIGPIPE: [libjvm.dylib+0x480a4c], sa_mask[0]=11111111011111110111111111111111, sa_flags=SA_RESTART|SA_SIGINFO
SIGXFSZ: [libjvm.dylib+0x480a4c], sa_mask[0]=11111111011111110111111111111111, sa_flags=SA_RESTART|SA_SIGINFO
SIGILL: [libjvm.dylib+0x480a4c], sa_mask[0]=11111111011111110111111111111111, sa_flags=SA_RESTART|SA_SIGINFO
SIGUSR1: SIG_DFL, sa_mask[0]=00000000000000000000000000000000, sa_flags=none
SIGUSR2: [libjvm.dylib+0x48056a], sa_mask[0]=00100000000000000000000000000000, sa_flags=SA_RESTART|SA_SIGINFO
SIGHUP: [libjvm.dylib+0x47eb41], sa_mask[0]=11111111011111110111111111111111, sa_flags=SA_RESTART|SA_SIGINFO
SIGINT: [libjvm.dylib+0x47eb41], sa_mask[0]=11111111011111110111111111111111, sa_flags=SA_RESTART|SA_SIGINFO
SIGTERM: [libjvm.dylib+0x47eb41], sa_mask[0]=11111111011111110111111111111111, sa_flags=SA_RESTART|SA_SIGINFO
SIGQUIT: [libjvm.dylib+0x47eb41], sa_mask[0]=11111111011111110111111111111111, sa_flags=SA_RESTART|SA_SIGINFO


---------------  S Y S T E M  ---------------

OS:Bsduname:Darwin 14.0.0 Darwin Kernel Version 14.0.0: Fri Sep 19 00:26:44 PDT 2014; root:xnu-2782.1.97~2/RELEASE_X86_64 x86_64
rlimit: STACK 8192k, CORE 0k, NPROC 709, NOFILE 10240, AS infinity
load average:1.52 1.79 1.83

CPU:total 4 (2 cores per cpu, 2 threads per core) family 6 model 58 stepping 9, cmov, cx8, fxsr, mmx, sse, sse2, sse3, ssse3, sse4.1, sse4.2, popcnt, avx, aes, clmul, erms, ht, tsc, tscinvbit, tscinv

Memory: 4k page, physical 4194304k(341820k free)

/proc/meminfo:


vm_info: Java HotSpot(TM) 64-Bit Server VM (25.60-b23) for bsd-amd64 JRE (1.8.0_60-b27), built on Aug  4 2015 10:47:24 by "java_re" with gcc 4.2.1 (Based on Apple Inc. build 5658) (LLVM build 2336.11.00)

time: Wed Nov  4 13:24:21 2015
elapsed time: 4 seconds (0d 0h 0m 4s)

