#
# A fatal error has been detected by the Java Runtime Environment:
#
#  SIGSEGV (0xb) at pc=0x00007fff94e0d0dd, pid=463, tid=1811
#
# JRE version: Java(TM) SE Runtime Environment (8.0_60-b27) (build 1.8.0_60-b27)
# Java VM: Java HotSpot(TM) 64-Bit Server VM (25.60-b23 mixed mode bsd-amd64 compressed oops)
# Problematic frame:
# C  [libobjc.A.dylib+0x10dd]  objc_msgSend+0x1d
#
# Failed to write core dump. Core dumps have been disabled. To enable core dumping, try "ulimit -c unlimited" before starting Java again
#
# If you would like to submit a bug report, please visit:
#   http://bugreport.java.com/bugreport/crash.jsp
# The crash happened outside the Java Virtual Machine in native code.
# See problematic frame for where to report the bug.
#

---------------  T H R E A D  ---------------

Current thread (0x00007fe32b883800):  JavaThread "AppKit Thread" daemon [_thread_in_native, id=1811, stack(0x00007fff5bd33000,0x00007fff5c533000)]

siginfo: si_signo: 11 (SIGSEGV), si_code: 1 (SEGV_MAPERR), si_addr: 0x0000000000000018

Registers:
RAX=0x0000000000000000, RBX=0x00007fe32b763ed0, RCX=0x0000000000000000, RDX=0x00007fe32b763ed0
RSP=0x00007fff5c52c8c8, RBP=0x00007fff5c52c8f0, RSI=0x00007fff90897b42, RDI=0x00007fe32b5b1190
R8 =0x0000000000000001, R9 =0x0000000000000001, R10=0x00007fff90897b42, R11=0x0000000000000000
R12=0x0000000000000094, R13=0x00007fe32b6305c0, R14=0x00007fe32b5b1190, R15=0x00007fff5c52cde0
RIP=0x00007fff94e0d0dd, EFLAGS=0x0000000000010246, ERR=0x0000000000000004
  TRAPNO=0x000000000000000e

Top of Stack: (sp=0x00007fff5c52c8c8)
0x00007fff5c52c8c8:   000000011e9f7598 00007fe32b763ed0
0x00007fff5c52c8d8:   000000011ea2bc60 00007fe32b6305c0
0x00007fff5c52c8e8:   00007fe32b763ed0 00007fff5c52cdd0
0x00007fff5c52c8f8:   00007fff9001c775 0000000000000000
0x00007fff5c52c908:   0000000000000000 4089280000000000
0x00007fff5c52c918:   4082c00000000000 0000000000000000
0x00007fff5c52c928:   0000000000000000 4089280000000000
0x00007fff5c52c938:   4082c00000000000 4089280000000000
0x00007fff5c52c948:   4083700000000000 401c000000000000
0x00007fff5c52c958:   4082d80000000000 402c000000000000
0x00007fff5c52c968:   4030000000000000 401c000000000000
0x00007fff5c52c978:   0000000000000000 0000000000000000
0x00007fff5c52c988:   4030000000000000 00007fff9085c2ce
0x00007fff5c52c998:   4008000000000000 00007fe32b765030
0x00007fff5c52c9a8:   0000000100000000 0000000000000000
0x00007fff5c52c9b8:   00007fe32b628aa0 00007fff5c52cb10
0x00007fff5c52c9c8:   00007fff900e2bc6 00007fff5c52cb10
0x00007fff5c52c9d8:   00007fff900e36b2 402c000000000000
0x00007fff5c52c9e8:   4030000000000000 401c000000000000
0x00007fff5c52c9f8:   4082d80000000000 402c000000000000
0x00007fff5c52ca08:   4030000000000000 0000000000000000
0x00007fff5c52ca18:   0000000000000000 4089280000000000
0x00007fff5c52ca28:   4083700000000000 401c000000000000
0x00007fff5c52ca38:   4082d80000000000 00000001036eba00
0x00007fff5c52ca48:   00007fe32b789660 00000000000000b0
0x00007fff5c52ca58:   0000000000000000 0000000000000896
0x00007fff5c52ca68:   00000001036e8000 00007fff5c52cb10
0x00007fff5c52ca78:   00007fff948e54ff 0000000000000896
0x00007fff5c52ca88:   00000001036e8000 00007fff5c52cb30
0x00007fff5c52ca98:   0000000000000897 00007fff5c52cb9f
0x00007fff5c52caa8:   0000000000000040 00007fe32b7fc080
0x00007fff5c52cab8:   00007fe32b7895b0 0000000000000002 

Instructions: (pc=0x00007fff94e0d0dd)
0x00007fff94e0d0bd:   00 00 00 48 85 ff 2e 74 7a 40 f6 c7 01 2e 75 7e
0x00007fff94e0d0cd:   49 bb f8 ff ff ff ff 7f 00 00 4c 23 1f 49 89 f2
0x00007fff94e0d0dd:   45 23 53 18 49 c1 e2 04 4d 03 53 10 49 3b 32 75
0x00007fff94e0d0ed:   04 41 ff 62 08 49 83 3a 00 74 6a 4d 3b 53 10 74 

Register to memory mapping:

RAX=0x0000000000000000 is an unknown value
RBX=0x00007fe32b763ed0 is an unknown value
RCX=0x0000000000000000 is an unknown value
RDX=0x00007fe32b763ed0 is an unknown value
RSP=0x00007fff5c52c8c8 is pointing into the stack for thread: 0x00007fe32b883800
RBP=0x00007fff5c52c8f0 is pointing into the stack for thread: 0x00007fe32b883800
RSI=0x00007fff90897b42: -[NSTitlebarContainerView shouldRoundCorners]+0x5c5a4 in /System/Library/Frameworks/AppKit.framework/Versions/C/AppKit at 0x00007fff8fece000
RDI=0x00007fe32b5b1190 is an unknown value
R8 =0x0000000000000001 is an unknown value
R9 =0x0000000000000001 is an unknown value
R10=0x00007fff90897b42: -[NSTitlebarContainerView shouldRoundCorners]+0x5c5a4 in /System/Library/Frameworks/AppKit.framework/Versions/C/AppKit at 0x00007fff8fece000
R11=0x0000000000000000 is an unknown value
R12=0x0000000000000094 is an unknown value
R13=0x00007fe32b6305c0 is an unknown value
R14=0x00007fe32b5b1190 is an unknown value
R15=0x00007fff5c52cde0 is pointing into the stack for thread: 0x00007fe32b883800


Stack: [0x00007fff5bd33000,0x00007fff5c533000],  sp=0x00007fff5c52c8c8,  free space=8166k
Native frames: (J=compiled Java code, j=interpreted, Vv=VM code, C=native code)
C  [libobjc.A.dylib+0x10dd]  objc_msgSend+0x1d
C  [AppKit+0x14e775]  -[NSView _recursiveDisplayRectIfNeededIgnoringOpacity:isVisibleRect:rectIsVisibleRectForView:topView:]+0x740
C  [AppKit+0x14f7d0]  -[NSView _recursiveDisplayRectIfNeededIgnoringOpacity:isVisibleRect:rectIsVisibleRectForView:topView:]+0x179b
C  [AppKit+0x14db23]  -[NSThemeFrame _recursiveDisplayRectIfNeededIgnoringOpacity:isVisibleRect:rectIsVisibleRectForView:topView:]+0x14d
C  [AppKit+0x14a67b]  -[NSView _displayRectIgnoringOpacity:isVisibleRect:rectIsVisibleRectForView:]+0xac9
C  [AppKit+0x12907a]  -[NSView displayIfNeeded]+0x754
C  [AppKit+0x146575]  -[NSWindow displayIfNeeded]+0xe8
C  [AppKit+0x183772]  _handleWindowNeedsDisplayOrLayoutOrUpdateConstraints+0x3a8
C  [Foundation+0x67023]  __NSFireTimer+0x5f
C  [CoreFoundation+0xb5b44]  __CFRUNLOOP_IS_CALLING_OUT_TO_A_TIMER_CALLBACK_FUNCTION__+0x14
C  [CoreFoundation+0xb57d3]  __CFRunLoopDoTimer+0x423
C  [CoreFoundation+0x128d9d]  __CFRunLoopDoTimers+0x12d
C  [CoreFoundation+0x72268]  __CFRunLoopRun+0x7e8
C  [CoreFoundation+0x71838]  CFRunLoopRunSpecific+0x128
C  [HIToolbox+0x2e43f]  RunCurrentEventLoopInMode+0xeb
C  [HIToolbox+0x2e1ba]  ReceiveNextEventCommon+0x1af
C  [HIToolbox+0x2dffb]  _BlockUntilNextEventMatchingListInModeWithFilter+0x47
C  [AppKit+0x246d1]  _DPSNextEvent+0x3c4
C  [AppKit+0x23e80]  -[NSApplication nextEventMatchingMask:untilDate:inMode:dequeue:]+0xc2
C  [libosxapp.dylib+0x23aa]  -[NSApplicationAWT nextEventMatchingMask:untilDate:inMode:dequeue:]+0x7c
C  [AppKit+0x17e23]  -[NSApplication run]+0x252
C  [libosxapp.dylib+0x214d]  +[NSApplicationAWT runAWTLoopWithApp:]+0x9c
C  [libawt_lwawt.dylib+0x44517]  -[AWTStarter starter:]+0x389
C  [Foundation+0x65f4c]  __NSThreadPerformPerform+0x125
C  [CoreFoundation+0x80661]  __CFRUNLOOP_IS_CALLING_OUT_TO_A_SOURCE0_PERFORM_FUNCTION__+0x11
C  [CoreFoundation+0x727ed]  __CFRunLoopDoSources0+0x10d
C  [CoreFoundation+0x71e1f]  __CFRunLoopRun+0x39f
C  [CoreFoundation+0x71838]  CFRunLoopRunSpecific+0x128
C  [java+0x6463]  CreateExecutionEnvironment+0x367
C  [java+0x21ac]  JLI_Launch+0x7a0
C  [java+0x84c0]  main+0x65
C  [java+0x1a04]  start+0x34
C  0x0000000000000006


---------------  P R O C E S S  ---------------

Java Threads: ( => current thread )
  0x00007fe32c081800 JavaThread "AWT-Shutdown" [_thread_blocked, id=27679, stack(0x000000011bf7f000,0x000000011c07f000)]
=>0x00007fe32b883800 JavaThread "AppKit Thread" daemon [_thread_in_native, id=1811, stack(0x00007fff5bd33000,0x00007fff5c533000)]
  0x00007fe32c02c800 JavaThread "Service Thread" daemon [_thread_blocked, id=18179, stack(0x000000011a828000,0x000000011a928000)]
  0x00007fe32c033000 JavaThread "C1 CompilerThread2" daemon [_thread_blocked, id=17667, stack(0x000000011a725000,0x000000011a825000)]
  0x00007fe32c032000 JavaThread "C2 CompilerThread1" daemon [_thread_blocked, id=17155, stack(0x000000011a622000,0x000000011a722000)]
  0x00007fe32c030800 JavaThread "C2 CompilerThread0" daemon [_thread_blocked, id=16643, stack(0x000000011a51f000,0x000000011a61f000)]
  0x00007fe32c007800 JavaThread "Signal Dispatcher" daemon [_thread_blocked, id=13331, stack(0x000000011a41c000,0x000000011a51c000)]
  0x00007fe32d02a000 JavaThread "Finalizer" daemon [_thread_blocked, id=11523, stack(0x0000000118ad6000,0x0000000118bd6000)]
  0x00007fe32b818800 JavaThread "Reference Handler" daemon [_thread_blocked, id=11011, stack(0x00000001189d3000,0x0000000118ad3000)]
  0x00007fe32d001800 JavaThread "main" [_thread_in_native, id=4867, stack(0x0000000104f8a000,0x000000010508a000)]

Other Threads:
  0x00007fe32b816000 VMThread [stack: 0x00000001188d0000,0x00000001189d0000] [id=10499]
  0x00007fe32c03b800 WatcherThread [stack: 0x000000011a92b000,0x000000011aa2b000] [id=18691]

VM state:not at safepoint (normal execution)

VM Mutex/Monitor currently owned by a thread: None

Heap:
 PSYoungGen      total 18944K, used 6363K [0x00000007aab00000, 0x00000007ac000000, 0x00000007c0000000)
  eden space 16384K, 32% used [0x00000007aab00000,0x00000007ab036e28,0x00000007abb00000)
  from space 2560K, 40% used [0x00000007abd80000,0x00000007abe80000,0x00000007ac000000)
  to   space 2560K, 0% used [0x00000007abb00000,0x00000007abb00000,0x00000007abd80000)
 ParOldGen       total 44032K, used 24K [0x0000000780000000, 0x0000000782b00000, 0x00000007aab00000)
  object space 44032K, 0% used [0x0000000780000000,0x0000000780006000,0x0000000782b00000)
 Metaspace       used 5939K, capacity 6095K, committed 6400K, reserved 1056768K
  class space    used 598K, capacity 664K, committed 768K, reserved 1048576K

Card table byte_map: [0x000000011448a000,0x000000011468b000] byte_map_base: 0x000000011088a000

Marking Bits: (ParMarkBitMap*) 0x00000001048dee20
 Begin Bits: [0x0000000114bed000, 0x0000000115bed000)
 End Bits:   [0x0000000115bed000, 0x0000000116bed000)

Polling page: 0x00000001037f1000

CodeCache: size=245760Kb used=2322Kb max_used=2333Kb free=243437Kb
 bounds [0x00000001050ca000, 0x000000010533a000, 0x00000001140ca000]
 total_blobs=904 nmethods=562 adapters=256
 compilation: enabled

Compilation events (10 events):
Event: 9.471 Thread 0x00007fe32c033000  555   !   3       java.io.PrintStream::write (83 bytes)
Event: 9.472 Thread 0x00007fe32c033000 nmethod 555 0x000000010530a810 code [0x000000010530aa40, 0x000000010530b5e8]
Event: 9.472 Thread 0x00007fe32c033000  556   !   3       java.io.PrintStream::newLine (73 bytes)
Event: 9.473 Thread 0x00007fe32c033000 nmethod 556 0x000000010530bd90 code [0x000000010530bfa0, 0x000000010530c9d8]
Event: 9.473 Thread 0x00007fe32c033000  557       3       java.io.BufferedWriter::newLine (9 bytes)
Event: 9.473 Thread 0x00007fe32c033000 nmethod 557 0x000000010530d110 code [0x000000010530d2a0, 0x000000010530d608]
Event: 9.548 Thread 0x00007fe32c033000  558       3       java.nio.HeapByteBuffer::putInt (20 bytes)
Event: 9.548 Thread 0x00007fe32c033000 nmethod 558 0x000000010530d790 code [0x000000010530d920, 0x000000010530dce8]
Event: 9.548 Thread 0x00007fe32c033000  559       3       java.nio.Bits::putInt (20 bytes)
Event: 9.548 Thread 0x00007fe32c033000 nmethod 559 0x000000010530de50 code [0x000000010530dfc0, 0x000000010530e1b8]

GC Heap History (4 events):
Event: 2.802 GC heap before
{Heap before GC invocations=1 (full 0):
 PSYoungGen      total 18944K, used 16384K [0x00000007aab00000, 0x00000007ac000000, 0x00000007c0000000)
  eden space 16384K, 100% used [0x00000007aab00000,0x00000007abb00000,0x00000007abb00000)
  from space 2560K, 0% used [0x00000007abd80000,0x00000007abd80000,0x00000007ac000000)
  to   space 2560K, 0% used [0x00000007abb00000,0x00000007abb00000,0x00000007abd80000)
 ParOldGen       total 44032K, used 0K [0x0000000780000000, 0x0000000782b00000, 0x00000007aab00000)
  object space 44032K, 0% used [0x0000000780000000,0x0000000780000000,0x0000000782b00000)
 Metaspace       used 5871K, capacity 6031K, committed 6144K, reserved 1056768K
  class space    used 598K, capacity 664K, committed 768K, reserved 1048576K
Event: 2.805 GC heap after
Heap after GC invocations=1 (full 0):
 PSYoungGen      total 18944K, used 1411K [0x00000007aab00000, 0x00000007ac000000, 0x00000007c0000000)
  eden space 16384K, 0% used [0x00000007aab00000,0x00000007aab00000,0x00000007abb00000)
  from space 2560K, 55% used [0x00000007abb00000,0x00000007abc60fc8,0x00000007abd80000)
  to   space 2560K, 0% used [0x00000007abd80000,0x00000007abd80000,0x00000007ac000000)
 ParOldGen       total 44032K, used 16K [0x0000000780000000, 0x0000000782b00000, 0x00000007aab00000)
  object space 44032K, 0% used [0x0000000780000000,0x0000000780004000,0x0000000782b00000)
 Metaspace       used 5871K, capacity 6031K, committed 6144K, reserved 1056768K
  class space    used 598K, capacity 664K, committed 768K, reserved 1048576K
}
Event: 8.286 GC heap before
{Heap before GC invocations=2 (full 0):
 PSYoungGen      total 18944K, used 17795K [0x00000007aab00000, 0x00000007ac000000, 0x00000007c0000000)
  eden space 16384K, 100% used [0x00000007aab00000,0x00000007abb00000,0x00000007abb00000)
  from space 2560K, 55% used [0x00000007abb00000,0x00000007abc60fc8,0x00000007abd80000)
  to   space 2560K, 0% used [0x00000007abd80000,0x00000007abd80000,0x00000007ac000000)
 ParOldGen       total 44032K, used 16K [0x0000000780000000, 0x0000000782b00000, 0x00000007aab00000)
  object space 44032K, 0% used [0x0000000780000000,0x0000000780004000,0x0000000782b00000)
 Metaspace       used 5927K, capacity 6095K, committed 6400K, reserved 1056768K
  class space    used 598K, capacity 664K, committed 768K, reserved 1048576K
Event: 8.289 GC heap after
Heap after GC invocations=2 (full 0):
 PSYoungGen      total 18944K, used 1024K [0x00000007aab00000, 0x00000007ac000000, 0x00000007c0000000)
  eden space 16384K, 0% used [0x00000007aab00000,0x00000007aab00000,0x00000007abb00000)
  from space 2560K, 40% used [0x00000007abd80000,0x00000007abe80000,0x00000007ac000000)
  to   space 2560K, 0% used [0x00000007abb00000,0x00000007abb00000,0x00000007abd80000)
 ParOldGen       total 44032K, used 24K [0x0000000780000000, 0x0000000782b00000, 0x00000007aab00000)
  object space 44032K, 0% used [0x0000000780000000,0x0000000780006000,0x0000000782b00000)
 Metaspace       used 5927K, capacity 6095K, committed 6400K, reserved 1056768K
  class space    used 598K, capacity 664K, committed 768K, reserved 1048576K
}

Deoptimization events (1 events):
Event: 0.172 Thread 0x00007fe32d001800 Uncommon trap: reason=unstable_if action=reinterpret pc=0x00000001051fc080 method=java.lang.String.indexOf(II)I @ 49

Internal exceptions (10 events):
Event: 0.105 Thread 0x00007fe32d001800 Exception <a 'java/security/PrivilegedActionException'> (0x00000007aac62900) thrown at [/Users/java_re/workspace/8-2-build-macosx-x86_64/jdk8u60/4407/hotspot/src/share/vm/prims/jvm.cpp, line 1386]
Event: 0.105 Thread 0x00007fe32d001800 Exception <a 'java/security/PrivilegedActionException'> (0x00000007aac62b10) thrown at [/Users/java_re/workspace/8-2-build-macosx-x86_64/jdk8u60/4407/hotspot/src/share/vm/prims/jvm.cpp, line 1386]
Event: 0.146 Thread 0x00007fe32d001800 Exception <a 'java/security/PrivilegedActionException'> (0x00000007aad18720) thrown at [/Users/java_re/workspace/8-2-build-macosx-x86_64/jdk8u60/4407/hotspot/src/share/vm/prims/jvm.cpp, line 1386]
Event: 0.146 Thread 0x00007fe32d001800 Exception <a 'java/security/PrivilegedActionException'> (0x00000007aad18930) thrown at [/Users/java_re/workspace/8-2-build-macosx-x86_64/jdk8u60/4407/hotspot/src/share/vm/prims/jvm.cpp, line 1386]
Event: 0.146 Thread 0x00007fe32d001800 Exception <a 'java/security/PrivilegedActionException'> (0x00000007aad1bbd0) thrown at [/Users/java_re/workspace/8-2-build-macosx-x86_64/jdk8u60/4407/hotspot/src/share/vm/prims/jvm.cpp, line 1386]
Event: 0.146 Thread 0x00007fe32d001800 Exception <a 'java/security/PrivilegedActionException'> (0x00000007aad1bde0) thrown at [/Users/java_re/workspace/8-2-build-macosx-x86_64/jdk8u60/4407/hotspot/src/share/vm/prims/jvm.cpp, line 1386]
Event: 0.218 Thread 0x00007fe32d001800 Exception <a 'java/lang/NoSuchFieldError': method resolution failed> (0x00000007aae1ba28) thrown at [/Users/java_re/workspace/8-2-build-macosx-x86_64/jdk8u60/4407/hotspot/src/share/vm/prims/methodHandles.cpp, line 1146]
Event: 0.220 Thread 0x00007fe32d001800 Exception <a 'java/lang/NoSuchFieldError': method resolution failed> (0x00000007aae29178) thrown at [/Users/java_re/workspace/8-2-build-macosx-x86_64/jdk8u60/4407/hotspot/src/share/vm/prims/methodHandles.cpp, line 1146]
Event: 0.391 Thread 0x00007fe32d001800 Exception <a 'java/io/FileNotFoundException'> (0x00000007aaea49e8) thrown at [/Users/java_re/workspace/8-2-build-macosx-x86_64/jdk8u60/4407/hotspot/src/share/vm/prims/jni.cpp, line 709]
Event: 0.391 Thread 0x00007fe32d001800 Exception <a 'java/io/FileNotFoundException'> (0x00000007aaea5568) thrown at [/Users/java_re/workspace/8-2-build-macosx-x86_64/jdk8u60/4407/hotspot/src/share/vm/prims/jni.cpp, line 709]

Events (10 events):
Event: 4.121 Executing VM operation: EnableBiasedLocking done
Event: 5.366 Thread 0x00007fe32d1c5000 Thread added: 0x00007fe32d1c5000
Event: 6.370 Executing VM operation: RevokeBias
Event: 6.370 Executing VM operation: RevokeBias done
Event: 6.370 Thread 0x00007fe32d1c5000 Thread exited: 0x00007fe32d1c5000
Event: 7.222 Thread 0x00007fe32c081800 Thread added: 0x00007fe32c081800
Event: 8.286 Executing VM operation: ParallelGCFailedAllocation
Event: 8.289 Executing VM operation: ParallelGCFailedAllocation done
Event: 9.988 loading class org/lwjgl/opengl/CallbackUtil
Event: 9.988 loading class org/lwjgl/opengl/CallbackUtil done


Dynamic libraries:
0x0000000006140000 	/System/Library/Frameworks/Cocoa.framework/Versions/A/Cocoa
0x0000000006140000 	/System/Library/Frameworks/Security.framework/Versions/A/Security
0x0000000006140000 	/System/Library/Frameworks/ApplicationServices.framework/Versions/A/ApplicationServices
0x0000000006140000 	/usr/lib/libz.1.dylib
0x0000000006140000 	/usr/lib/libSystem.B.dylib
0x0000000006140000 	/usr/lib/libobjc.A.dylib
0x0000000006140000 	/System/Library/Frameworks/CoreFoundation.framework/Versions/A/CoreFoundation
0x0000000006140000 	/System/Library/Frameworks/Foundation.framework/Versions/C/Foundation
0x0000000006140000 	/System/Library/Frameworks/AppKit.framework/Versions/C/AppKit
0x0000000006140000 	/System/Library/Frameworks/CoreData.framework/Versions/A/CoreData
0x0000000006140000 	/System/Library/PrivateFrameworks/RemoteViewServices.framework/Versions/A/RemoteViewServices
0x0000000006140000 	/System/Library/PrivateFrameworks/UIFoundation.framework/Versions/A/UIFoundation
0x0000000006140000 	/System/Library/Frameworks/IOSurface.framework/Versions/A/IOSurface
0x0000000006140000 	/System/Library/Frameworks/AudioToolbox.framework/Versions/A/AudioToolbox
0x0000000006140000 	/System/Library/Frameworks/AudioUnit.framework/Versions/A/AudioUnit
0x0000000006140000 	/System/Library/PrivateFrameworks/DataDetectorsCore.framework/Versions/A/DataDetectorsCore
0x0000000006140000 	/System/Library/PrivateFrameworks/DesktopServicesPriv.framework/Versions/A/DesktopServicesPriv
0x0000000006140000 	/System/Library/Frameworks/Carbon.framework/Versions/A/Frameworks/HIToolbox.framework/Versions/A/HIToolbox
0x0000000006140000 	/System/Library/Frameworks/QuartzCore.framework/Versions/A/QuartzCore
0x0000000006140000 	/System/Library/Frameworks/Carbon.framework/Versions/A/Frameworks/SpeechRecognition.framework/Versions/A/SpeechRecognition
0x0000000006140000 	/usr/lib/libauto.dylib
0x0000000006140000 	/usr/lib/libicucore.A.dylib
0x0000000006140000 	/usr/lib/libxml2.2.dylib
0x0000000006140000 	/System/Library/PrivateFrameworks/CoreUI.framework/Versions/A/CoreUI
0x0000000006140000 	/System/Library/Frameworks/CoreAudio.framework/Versions/A/CoreAudio
0x0000000006140000 	/System/Library/Frameworks/DiskArbitration.framework/Versions/A/DiskArbitration
0x0000000006140000 	/usr/lib/liblangid.dylib
0x0000000006140000 	/System/Library/PrivateFrameworks/MultitouchSupport.framework/Versions/A/MultitouchSupport
0x0000000006140000 	/System/Library/Frameworks/IOKit.framework/Versions/A/IOKit
0x0000000006140000 	/usr/lib/libDiagnosticMessagesClient.dylib
0x0000000006140000 	/System/Library/Frameworks/CoreServices.framework/Versions/A/CoreServices
0x0000000006140000 	/System/Library/PrivateFrameworks/PerformanceAnalysis.framework/Versions/A/PerformanceAnalysis
0x0000000006140000 	/System/Library/PrivateFrameworks/GenerationalStorage.framework/Versions/A/GenerationalStorage
0x0000000006140000 	/System/Library/Frameworks/OpenGL.framework/Versions/A/OpenGL
0x0000000006140000 	/System/Library/PrivateFrameworks/Sharing.framework/Versions/A/Sharing
0x0000000006140000 	/System/Library/Frameworks/CoreGraphics.framework/Versions/A/CoreGraphics
0x0000000006140000 	/System/Library/Frameworks/CoreText.framework/Versions/A/CoreText
0x0000000006140000 	/System/Library/Frameworks/ImageIO.framework/Versions/A/ImageIO
0x0000000006140000 	/usr/lib/libextension.dylib
0x0000000006140000 	/System/Library/PrivateFrameworks/Backup.framework/Versions/A/Backup
0x0000000006140000 	/usr/lib/libarchive.2.dylib
0x0000000006140000 	/System/Library/Frameworks/CFNetwork.framework/Versions/A/CFNetwork
0x0000000006140000 	/System/Library/Frameworks/SystemConfiguration.framework/Versions/A/SystemConfiguration
0x0000000006140000 	/usr/lib/libCRFSuite.dylib
0x0000000006140000 	/usr/lib/libc++.1.dylib
0x0000000006140000 	/usr/lib/libc++abi.dylib
0x0000000006140000 	/usr/lib/system/libcache.dylib
0x0000000006140000 	/usr/lib/system/libcommonCrypto.dylib
0x0000000006140000 	/usr/lib/system/libcompiler_rt.dylib
0x0000000006140000 	/usr/lib/system/libcopyfile.dylib
0x0000000006140000 	/usr/lib/system/libcorecrypto.dylib
0x0000000006140000 	/usr/lib/system/libdispatch.dylib
0x0000000006140000 	/usr/lib/system/libdyld.dylib
0x0000000006140000 	/usr/lib/system/libkeymgr.dylib
0x0000000006140000 	/usr/lib/system/liblaunch.dylib
0x0000000006140000 	/usr/lib/system/libmacho.dylib
0x0000000006140000 	/usr/lib/system/libquarantine.dylib
0x0000000006140000 	/usr/lib/system/libremovefile.dylib
0x0000000006140000 	/usr/lib/system/libsystem_asl.dylib
0x0000000006140000 	/usr/lib/system/libsystem_blocks.dylib
0x0000000006140000 	/usr/lib/system/libsystem_c.dylib
0x0000000006140000 	/usr/lib/system/libsystem_configuration.dylib
0x0000000006140000 	/usr/lib/system/libsystem_coreservices.dylib
0x0000000006140000 	/usr/lib/system/libsystem_coretls.dylib
0x0000000006140000 	/usr/lib/system/libsystem_dnssd.dylib
0x0000000006140000 	/usr/lib/system/libsystem_info.dylib
0x0000000006140000 	/usr/lib/system/libsystem_kernel.dylib
0x0000000006140000 	/usr/lib/system/libsystem_m.dylib
0x0000000006140000 	/usr/lib/system/libsystem_malloc.dylib
0x0000000006140000 	/usr/lib/system/libsystem_network.dylib
0x0000000006140000 	/usr/lib/system/libsystem_networkextension.dylib
0x0000000006140000 	/usr/lib/system/libsystem_notify.dylib
0x0000000006140000 	/usr/lib/system/libsystem_platform.dylib
0x0000000006140000 	/usr/lib/system/libsystem_pthread.dylib
0x0000000006140000 	/usr/lib/system/libsystem_sandbox.dylib
0x0000000006140000 	/usr/lib/system/libsystem_secinit.dylib
0x0000000006140000 	/usr/lib/system/libsystem_stats.dylib
0x0000000006140000 	/usr/lib/system/libsystem_trace.dylib
0x0000000006140000 	/usr/lib/system/libunc.dylib
0x0000000006140000 	/usr/lib/system/libunwind.dylib
0x0000000006140000 	/usr/lib/system/libxpc.dylib
0x0000000006140000 	/usr/lib/libbz2.1.0.dylib
0x0000000006140000 	/usr/lib/liblzma.5.dylib
0x0000000006140000 	/usr/lib/libbsm.0.dylib
0x0000000006140000 	/usr/lib/libsqlite3.dylib
0x0000000006140000 	/usr/lib/system/libkxld.dylib
0x0000000006140000 	/usr/lib/libxar.1.dylib
0x0000000006140000 	/usr/lib/libpam.2.dylib
0x0000000006140000 	/usr/lib/libOpenScriptingUtil.dylib
0x0000000006140000 	/System/Library/Frameworks/CoreServices.framework/Versions/A/Frameworks/FSEvents.framework/Versions/A/FSEvents
0x0000000006140000 	/System/Library/Frameworks/CoreServices.framework/Versions/A/Frameworks/CarbonCore.framework/Versions/A/CarbonCore
0x0000000006140000 	/System/Library/Frameworks/CoreServices.framework/Versions/A/Frameworks/Metadata.framework/Versions/A/Metadata
0x0000000006140000 	/System/Library/Frameworks/CoreServices.framework/Versions/A/Frameworks/OSServices.framework/Versions/A/OSServices
0x0000000006140000 	/System/Library/Frameworks/CoreServices.framework/Versions/A/Frameworks/SearchKit.framework/Versions/A/SearchKit
0x0000000006140000 	/System/Library/Frameworks/CoreServices.framework/Versions/A/Frameworks/AE.framework/Versions/A/AE
0x0000000006140000 	/System/Library/Frameworks/CoreServices.framework/Versions/A/Frameworks/LaunchServices.framework/Versions/A/LaunchServices
0x0000000006140000 	/System/Library/Frameworks/CoreServices.framework/Versions/A/Frameworks/DictionaryServices.framework/Versions/A/DictionaryServices
0x0000000006140000 	/System/Library/Frameworks/NetFS.framework/Versions/A/NetFS
0x0000000006140000 	/System/Library/PrivateFrameworks/NetAuth.framework/Versions/A/NetAuth
0x0000000006140000 	/System/Library/PrivateFrameworks/login.framework/Versions/A/Frameworks/loginsupport.framework/Versions/A/loginsupport
0x0000000006140000 	/System/Library/PrivateFrameworks/TCC.framework/Versions/A/TCC
0x0000000006140000 	/usr/lib/libmecabra.dylib
0x0000000006140000 	/System/Library/PrivateFrameworks/LanguageModeling.framework/Versions/A/LanguageModeling
0x0000000006140000 	/usr/lib/libcmph.dylib
0x0000000006140000 	/usr/lib/libiconv.2.dylib
0x0000000006140000 	/System/Library/Frameworks/OpenDirectory.framework/Versions/A/Frameworks/CFOpenDirectory.framework/Versions/A/CFOpenDirectory
0x0000000006140000 	/System/Library/Frameworks/ServiceManagement.framework/Versions/A/ServiceManagement
0x0000000006140000 	/usr/lib/libxslt.1.dylib
0x0000000006140000 	/System/Library/Frameworks/Carbon.framework/Versions/A/Frameworks/Ink.framework/Versions/A/Ink
0x0000000006140000 	/System/Library/Frameworks/ApplicationServices.framework/Versions/A/Frameworks/ATS.framework/Versions/A/ATS
0x0000000006140000 	/System/Library/Frameworks/ApplicationServices.framework/Versions/A/Frameworks/ColorSync.framework/Versions/A/ColorSync
0x0000000006140000 	/System/Library/Frameworks/ApplicationServices.framework/Versions/A/Frameworks/HIServices.framework/Versions/A/HIServices
0x0000000006140000 	/System/Library/Frameworks/ApplicationServices.framework/Versions/A/Frameworks/LangAnalysis.framework/Versions/A/LangAnalysis
0x0000000006140000 	/System/Library/Frameworks/ApplicationServices.framework/Versions/A/Frameworks/PrintCore.framework/Versions/A/PrintCore
0x0000000006140000 	/System/Library/Frameworks/ApplicationServices.framework/Versions/A/Frameworks/QD.framework/Versions/A/QD
0x0000000006140000 	/System/Library/Frameworks/ApplicationServices.framework/Versions/A/Frameworks/SpeechSynthesis.framework/Versions/A/SpeechSynthesis
0x0000000006140000 	/System/Library/Frameworks/Accelerate.framework/Versions/A/Accelerate
0x0000000006140000 	/System/Library/Frameworks/Accelerate.framework/Versions/A/Frameworks/vImage.framework/Versions/A/vImage
0x0000000006140000 	/System/Library/Frameworks/Accelerate.framework/Versions/A/Frameworks/vecLib.framework/Versions/A/vecLib
0x0000000006140000 	/System/Library/Frameworks/Accelerate.framework/Versions/A/Frameworks/vecLib.framework/Versions/A/libvDSP.dylib
0x0000000006140000 	/System/Library/Frameworks/Accelerate.framework/Versions/A/Frameworks/vecLib.framework/Versions/A/libvMisc.dylib
0x0000000006140000 	/System/Library/Frameworks/Accelerate.framework/Versions/A/Frameworks/vecLib.framework/Versions/A/libLAPACK.dylib
0x0000000006140000 	/System/Library/Frameworks/Accelerate.framework/Versions/A/Frameworks/vecLib.framework/Versions/A/libBLAS.dylib
0x0000000006140000 	/System/Library/Frameworks/Accelerate.framework/Versions/A/Frameworks/vecLib.framework/Versions/A/libLinearAlgebra.dylib
0x0000000006140000 	/System/Library/Frameworks/ApplicationServices.framework/Versions/A/Frameworks/ATS.framework/Versions/A/Resources/libFontParser.dylib
0x0000000006140000 	/System/Library/Frameworks/ApplicationServices.framework/Versions/A/Frameworks/ATS.framework/Versions/A/Resources/libFontRegistry.dylib
0x0000000006140000 	/System/Library/PrivateFrameworks/AppleVPA.framework/Versions/A/AppleVPA
0x0000000006140000 	/System/Library/PrivateFrameworks/AppleJPEG.framework/Versions/A/AppleJPEG
0x0000000006140000 	/System/Library/Frameworks/ImageIO.framework/Versions/A/Resources/libJPEG.dylib
0x0000000006140000 	/System/Library/Frameworks/ImageIO.framework/Versions/A/Resources/libTIFF.dylib
0x0000000006140000 	/System/Library/Frameworks/ImageIO.framework/Versions/A/Resources/libPng.dylib
0x0000000006140000 	/System/Library/Frameworks/ImageIO.framework/Versions/A/Resources/libGIF.dylib
0x0000000006140000 	/System/Library/Frameworks/ImageIO.framework/Versions/A/Resources/libJP2.dylib
0x0000000006140000 	/System/Library/Frameworks/ImageIO.framework/Versions/A/Resources/libRadiance.dylib
0x0000000006140000 	/System/Library/Frameworks/CoreVideo.framework/Versions/A/CoreVideo
0x0000000006140000 	/System/Library/Frameworks/OpenGL.framework/Versions/A/Libraries/libGLU.dylib
0x0000000006140000 	/System/Library/Frameworks/OpenGL.framework/Versions/A/Libraries/libGFXShared.dylib
0x0000000006140000 	/System/Library/Frameworks/OpenGL.framework/Versions/A/Libraries/libGL.dylib
0x0000000006140000 	/System/Library/Frameworks/OpenGL.framework/Versions/A/Libraries/libGLImage.dylib
0x0000000006140000 	/System/Library/Frameworks/OpenGL.framework/Versions/A/Libraries/libCVMSPluginSupport.dylib
0x0000000006140000 	/System/Library/Frameworks/OpenGL.framework/Versions/A/Libraries/libCoreVMClient.dylib
0x0000000006140000 	/usr/lib/libcups.2.dylib
0x0000000006140000 	/System/Library/Frameworks/Kerberos.framework/Versions/A/Kerberos
0x0000000006140000 	/System/Library/Frameworks/GSS.framework/Versions/A/GSS
0x0000000006140000 	/usr/lib/libresolv.9.dylib
0x0000000006140000 	/System/Library/PrivateFrameworks/Heimdal.framework/Versions/A/Heimdal
0x0000000006140000 	/usr/lib/libheimdal-asn1.dylib
0x0000000006140000 	/System/Library/Frameworks/OpenDirectory.framework/Versions/A/OpenDirectory
0x0000000006140000 	/System/Library/PrivateFrameworks/CommonAuth.framework/Versions/A/CommonAuth
0x0000000006140000 	/System/Library/Frameworks/SecurityFoundation.framework/Versions/A/SecurityFoundation
0x0000000006140000 	/System/Library/Frameworks/QuartzCore.framework/Versions/A/Frameworks/CoreImage.framework/Versions/A/CoreImage
0x0000000006140000 	/System/Library/PrivateFrameworks/CrashReporterSupport.framework/Versions/A/CrashReporterSupport
0x0000000006140000 	/System/Library/Frameworks/OpenCL.framework/Versions/A/OpenCL
0x0000000006140000 	/System/Library/PrivateFrameworks/FaceCore.framework/Versions/A/FaceCore
0x0000000006140000 	/System/Library/PrivateFrameworks/Ubiquity.framework/Versions/A/Ubiquity
0x0000000006140000 	/System/Library/PrivateFrameworks/IconServices.framework/Versions/A/IconServices
0x0000000006140000 	/System/Library/PrivateFrameworks/ChunkingLibrary.framework/Versions/A/ChunkingLibrary
0x0000000006140000 	/System/Library/PrivateFrameworks/Apple80211.framework/Versions/A/Apple80211
0x0000000006140000 	/System/Library/Frameworks/CoreWLAN.framework/Versions/A/CoreWLAN
0x0000000006140000 	/System/Library/Frameworks/IOBluetooth.framework/Versions/A/IOBluetooth
0x0000000006140000 	/System/Library/PrivateFrameworks/CoreWiFi.framework/Versions/A/CoreWiFi
0x0000000006140000 	/System/Library/Frameworks/CoreBluetooth.framework/Versions/A/CoreBluetooth
0x0000000006140000 	/System/Library/PrivateFrameworks/DebugSymbols.framework/Versions/A/DebugSymbols
0x0000000006140000 	/System/Library/PrivateFrameworks/CoreSymbolication.framework/Versions/A/CoreSymbolication
0x0000000006140000 	/System/Library/PrivateFrameworks/Symbolication.framework/Versions/A/Symbolication
0x0000000006140000 	/System/Library/PrivateFrameworks/SpeechRecognitionCore.framework/Versions/A/SpeechRecognitionCore
0x0000000104000000 	/Library/Java/JavaVirtualMachines/jdk1.8.0_60.jdk/Contents/Home/jre/lib/server/libjvm.dylib
0x0000000006140000 	/usr/lib/libstdc++.6.dylib
0x00000001037e3000 	/Library/Java/JavaVirtualMachines/jdk1.8.0_60.jdk/Contents/Home/jre/lib/libverify.dylib
0x000000010508c000 	/Library/Java/JavaVirtualMachines/jdk1.8.0_60.jdk/Contents/Home/jre/lib/libjava.dylib
0x00000001050c1000 	/Library/Java/JavaVirtualMachines/jdk1.8.0_60.jdk/Contents/Home/jre/lib/libzip.dylib
0x0000000118bd8000 	/System/Library/Frameworks/JavaVM.framework/Frameworks/JavaRuntimeSupport.framework/JavaRuntimeSupport
0x0000000118bf0000 	/System/Library/Frameworks/JavaVM.framework/Versions/A/Frameworks/JavaNativeFoundation.framework/Versions/A/JavaNativeFoundation
0x0000000118c05000 	/System/Library/Frameworks/JavaVM.framework/Versions/A/JavaVM
0x0000000006140000 	/System/Library/Frameworks/Carbon.framework/Versions/A/Carbon
0x0000000118c12000 	/System/Library/PrivateFrameworks/JavaLaunching.framework/Versions/A/JavaLaunching
0x0000000006140000 	/System/Library/Frameworks/Carbon.framework/Versions/A/Frameworks/CommonPanels.framework/Versions/A/CommonPanels
0x0000000006140000 	/System/Library/Frameworks/Carbon.framework/Versions/A/Frameworks/Help.framework/Versions/A/Help
0x0000000006140000 	/System/Library/Frameworks/Carbon.framework/Versions/A/Frameworks/ImageCapture.framework/Versions/A/ImageCapture
0x0000000006140000 	/System/Library/Frameworks/Carbon.framework/Versions/A/Frameworks/OpenScripting.framework/Versions/A/OpenScripting
0x0000000006140000 	/System/Library/Frameworks/Carbon.framework/Versions/A/Frameworks/Print.framework/Versions/A/Print
0x0000000006140000 	/System/Library/Frameworks/Carbon.framework/Versions/A/Frameworks/SecurityHI.framework/Versions/A/SecurityHI
0x000000011aac0000 	/Library/Java/JavaVirtualMachines/jdk1.8.0_60.jdk/Contents/Home/jre/lib/libawt.dylib
0x000000011ab68000 	/Library/Java/JavaVirtualMachines/jdk1.8.0_60.jdk/Contents/Home/jre/lib/./libmlib_image.dylib
0x000000011ac34000 	/Library/Java/JavaVirtualMachines/jdk1.8.0_60.jdk/Contents/Home/jre/lib/libawt_lwawt.dylib
0x000000011ace9000 	/Library/Java/JavaVirtualMachines/jdk1.8.0_60.jdk/Contents/Home/jre/lib/./libosxapp.dylib
0x0000000006140000 	/System/Library/Frameworks/ExceptionHandling.framework/Versions/A/ExceptionHandling
0x0000000006140000 	/System/Library/PrivateFrameworks/CoreServicesInternal.framework/Versions/A/CoreServicesInternal
0x0000000006140000 	/System/Library/PrivateFrameworks/CloudDocs.framework/Versions/A/CloudDocs
0x0000000006140000 	/System/Library/PrivateFrameworks/CoreDuet.framework/Versions/A/CoreDuet
0x0000000006140000 	/System/Library/Frameworks/CloudKit.framework/Versions/A/CloudKit
0x0000000006140000 	/System/Library/PrivateFrameworks/ProtocolBuffer.framework/Versions/A/ProtocolBuffer
0x0000000006140000 	/System/Library/PrivateFrameworks/CoreDuetDaemonProtocol.framework/Versions/A/CoreDuetDaemonProtocol
0x0000000006140000 	/System/Library/PrivateFrameworks/CoreDuetDebugLogging.framework/Versions/A/CoreDuetDebugLogging
0x0000000006140000 	/System/Library/Frameworks/CoreLocation.framework/Versions/A/CoreLocation
0x0000000006140000 	/System/Library/Frameworks/Accounts.framework/Versions/A/Accounts
0x0000000006140000 	/System/Library/PrivateFrameworks/ApplePushService.framework/Versions/A/ApplePushService
0x0000000006140000 	/System/Library/PrivateFrameworks/GeoServices.framework/Versions/A/GeoServices
0x0000000006140000 	/System/Library/PrivateFrameworks/OAuth.framework/Versions/A/OAuth
0x0000000006140000 	/System/Library/PrivateFrameworks/CoreDaemon.framework/Versions/B/CoreDaemon
0x0000000006140000 	/usr/lib/libcrypto.0.9.8.dylib
0x0000000006140000 	/System/Library/PrivateFrameworks/AppleSRP.framework/Versions/A/AppleSRP
0x0000000006140000 	/System/Library/PrivateFrameworks/TrustEvaluationAgent.framework/Versions/A/TrustEvaluationAgent
0x0000000006140000 	/System/Library/Frameworks/CoreGraphics.framework/Versions/A/Resources/libCGCMS.A.dylib
0x0000000006140000 	/System/Library/Frameworks/CoreGraphics.framework/Versions/A/Resources/libRIP.A.dylib
0x0000000006140000 	/System/Library/Frameworks/CoreGraphics.framework/Versions/A/Resources/libCGXType.A.dylib
0x0000000006140000 	/System/Library/Frameworks/OpenCL.framework/Versions/A/Libraries/libcldcpuengine.dylib
0x0000000006140000 	/System/Library/PrivateFrameworks/DiskImages.framework/Versions/A/DiskImages
0x0000000006140000 	/System/Library/Frameworks/DiscRecording.framework/Versions/A/DiscRecording
0x0000000006140000 	/usr/lib/libcsfde.dylib
0x0000000006140000 	/usr/lib/libcurl.4.dylib
0x0000000006140000 	/System/Library/PrivateFrameworks/MediaKit.framework/Versions/A/MediaKit
0x0000000006140000 	/System/Library/PrivateFrameworks/ProtectedCloudStorage.framework/Versions/A/ProtectedCloudStorage
0x0000000006140000 	/usr/lib/libCoreStorage.dylib
0x0000000006140000 	/System/Library/PrivateFrameworks/EFILogin.framework/Versions/A/EFILogin
0x0000000006140000 	/usr/lib/libutil.dylib
0x0000000006140000 	/System/Library/PrivateFrameworks/FindMyDevice.framework/Versions/A/FindMyDevice
0x0000000006140000 	/System/Library/Frameworks/LDAP.framework/Versions/A/LDAP
0x0000000006140000 	/usr/lib/libsasl2.2.dylib
0x000000011d706000 	cl_kernels
0x000000011d708000 	/System/Library/Frameworks/OpenCL.framework/Versions/A/Libraries/ImageFormats/unorm8_bgra.dylib
0x000000011d6f7000 	cl_kernels
0x0000000006140000 	/System/Library/PrivateFrameworks/FamilyControls.framework/Versions/A/FamilyControls
0x0000000006140000 	/System/Library/PrivateFrameworks/CommerceKit.framework/Versions/A/Frameworks/CommerceCore.framework/Versions/A/CommerceCore
0x0000000006140000 	/System/Library/PrivateFrameworks/SystemAdministration.framework/Versions/A/SystemAdministration
0x0000000006140000 	/System/Library/PrivateFrameworks/AppContainer.framework/Versions/A/AppContainer
0x0000000006140000 	/System/Library/PrivateFrameworks/SecCodeWrapper.framework/Versions/A/SecCodeWrapper
0x0000000006140000 	/System/Library/Frameworks/DirectoryService.framework/Versions/A/DirectoryService
0x0000000006140000 	/System/Library/PrivateFrameworks/LoginUIKit.framework/Versions/A/Frameworks/LoginUICore.framework/Versions/A/LoginUICore
0x0000000006140000 	/usr/lib/libodfde.dylib
0x000000011e986000 	/Library/Java/JavaVirtualMachines/jdk1.8.0_60.jdk/Contents/Home/jre/lib/libfontmanager.dylib
0x000000011e9ed000 	/Users/ramonmoorlag/Documents/Workspace/lwjgl-2.9.3/native/macosx/liblwjgl.dylib
0x000000011cc2b000 	/Library/Java/JavaVirtualMachines/jdk1.8.0_60.jdk/Contents/Home/jre/lib/libjawt.dylib
0x0000000006140000 	/System/Library/Frameworks/OpenGL.framework/Versions/A/Resources/GLEngine.bundle/GLEngine
0x0000000006140000 	/System/Library/Frameworks/OpenGL.framework/Versions/A/Libraries/libGLProgrammability.dylib
0x0000000000000000 	/System/Library/Extensions/AppleIntelHD4000GraphicsGLDriver.bundle/Contents/MacOS/AppleIntelHD4000GraphicsGLDriver
0x0000000006140000 	/System/Library/PrivateFrameworks/IOAccelerator.framework/Versions/A/IOAccelerator
0x0000000006140000 	/System/Library/PrivateFrameworks/GPUSupport.framework/Versions/A/Libraries/libGPUSupportMercury.dylib
0x0000000006140000 	/System/Library/Frameworks/OpenGL.framework/Versions/A/Resources/GLRendererFloat.bundle/GLRendererFloat

VM Arguments:
jvm_args: -Djava.library.path=/Users/ramonmoorlag/Documents/Workspace/lwjgl-2.9.3/native/macosx:/Users/ramonmoorlag/Documents/Workspace/lwjgl-2.9.3/native/macosx:/Users/ramonmoorlag/Documents/Workspace/lwjgl-2.9.3/native/macosx -Dfile.encoding=UTF-8 
java_command: platformer.Main
java_class_path (initial): /Users/ramonmoorlag/Documents/Workspace/PietersProjecten/bin:/Users/ramonmoorlag/Documents/Workspace/lwjgl-2.9.3/jar/lwjgl.jar:/Users/ramonmoorlag/Documents/Workspace/lwjgl-2.9.3/jar/lzma.jar:/Users/ramonmoorlag/Documents/Workspace/lwjgl-2.9.3/jar/lwjgl_util.jar:/Users/ramonmoorlag/Downloads/slick-util.jar:/Users/ramonmoorlag/Documents/HTTPClient/commons-codec-1.9.jar:/Users/ramonmoorlag/Documents/HTTPClient/commons-logging-1.2.jar:/Users/ramonmoorlag/Documents/HTTPClient/fluent-hc-4.4.1.jar:/Users/ramonmoorlag/Documents/HTTPClient/httpclient-4.4.1.jar:/Users/ramonmoorlag/Documents/HTTPClient/httpclient-cache-4.4.1.jar:/Users/ramonmoorlag/Documents/HTTPClient/httpclient-win-4.4.1.jar:/Users/ramonmoorlag/Documents/HTTPClient/httpcore-4.4.1.jar:/Users/ramonmoorlag/Documents/HTTPClient/httpmime-4.4.1.jar:/Users/ramonmoorlag/Documents/HTTPClient/jna-4.1.0.jar:/Users/ramonmoorlag/Documents/HTTPClient/jna-platform-4.1.0.jar
Launcher Type: SUN_STANDARD

Environment Variables:
PATH=/usr/bin:/bin:/usr/sbin:/sbin
SHELL=/bin/bash

Signal Handlers:
SIGSEGV: [libjvm.dylib+0x5a6d31], sa_mask[0]=11111111011111110111111111111111, sa_flags=SA_ONSTACK|SA_RESTART|SA_SIGINFO
SIGBUS: [libjvm.dylib+0x5a6d31], sa_mask[0]=11111111011111110111111111111111, sa_flags=SA_RESTART|SA_SIGINFO
SIGFPE: [libjvm.dylib+0x480a4c], sa_mask[0]=11111111011111110111111111111111, sa_flags=SA_RESTART|SA_SIGINFO
SIGPIPE: [libjvm.dylib+0x480a4c], sa_mask[0]=11111111011111110111111111111111, sa_flags=SA_RESTART|SA_SIGINFO
SIGXFSZ: [libjvm.dylib+0x480a4c], sa_mask[0]=11111111011111110111111111111111, sa_flags=SA_RESTART|SA_SIGINFO
SIGILL: [libjvm.dylib+0x480a4c], sa_mask[0]=11111111011111110111111111111111, sa_flags=SA_RESTART|SA_SIGINFO
SIGUSR1: SIG_DFL, sa_mask[0]=00000000000000000000000000000000, sa_flags=none
SIGUSR2: [libjvm.dylib+0x48056a], sa_mask[0]=00100000000000000000000000000000, sa_flags=SA_RESTART|SA_SIGINFO
SIGHUP: [libjvm.dylib+0x47eb41], sa_mask[0]=11111111011111110111111111111111, sa_flags=SA_RESTART|SA_SIGINFO
SIGINT: [libjvm.dylib+0x47eb41], sa_mask[0]=11111111011111110111111111111111, sa_flags=SA_RESTART|SA_SIGINFO
SIGTERM: [libjvm.dylib+0x47eb41], sa_mask[0]=11111111011111110111111111111111, sa_flags=SA_RESTART|SA_SIGINFO
SIGQUIT: [libjvm.dylib+0x47eb41], sa_mask[0]=11111111011111110111111111111111, sa_flags=SA_RESTART|SA_SIGINFO


---------------  S Y S T E M  ---------------

OS:Bsduname:Darwin 14.0.0 Darwin Kernel Version 14.0.0: Fri Sep 19 00:26:44 PDT 2014; root:xnu-2782.1.97~2/RELEASE_X86_64 x86_64
rlimit: STACK 8192k, CORE 0k, NPROC 709, NOFILE 10240, AS infinity
load average:1.63 1.59 1.71

CPU:total 4 (2 cores per cpu, 2 threads per core) family 6 model 58 stepping 9, cmov, cx8, fxsr, mmx, sse, sse2, sse3, ssse3, sse4.1, sse4.2, popcnt, avx, aes, clmul, erms, ht, tsc, tscinvbit, tscinv

Memory: 4k page, physical 4194304k(53084k free)

/proc/meminfo:


vm_info: Java HotSpot(TM) 64-Bit Server VM (25.60-b23) for bsd-amd64 JRE (1.8.0_60-b27), built on Aug  4 2015 10:47:24 by "java_re" with gcc 4.2.1 (Based on Apple Inc. build 5658) (LLVM build 2336.11.00)

time: Wed Nov  4 13:29:42 2015
elapsed time: 10 seconds (0d 0h 0m 10s)

